/home/g054545/.conda/envs/aaa/lib/python3.9/site-packages/torch/utils/data/dataloader.py:561: UserWarning: This DataLoader will create 4 worker processes in total. Our suggested max number of worker in current system is 2, which is smaller than what this DataLoader is going to create. Please be aware that excessive worker creation might get DataLoader running slow or even freeze, lower the worker number to avoid potential slowness/freeze if necessary.
  warnings.warn(_create_warning_msg(
/home/g054545/.conda/envs/aaa/lib/python3.9/site-packages/torchvision/models/_utils.py:208: UserWarning: The parameter 'pretrained' is deprecated since 0.13 and may be removed in the future, please use 'weights' instead.
  warnings.warn(
/home/g054545/.conda/envs/aaa/lib/python3.9/site-packages/torchvision/models/_utils.py:223: UserWarning: Arguments other than a weight enum or `None` for 'weights' are deprecated since 0.13 and may be removed in the future. The current behavior is equivalent to passing `weights=None`.
  warnings.warn(msg)
Files already downloaded and verified
Files already downloaded and verified
This file is for cnvnxt_npt
Beginning training from epoch: 1
Train Loss 0.236
Train Loss 2.125
Train Loss 2.058
Train Loss 2.033
Train Loss 2.019
Train Loss 1.976
Train Loss 1.984
Train Loss 1.992
Epoch   1 | Time   118 | Train Loss 1.9679 | Test Loss 0.002 | Test Error 68.99
Train Loss 0.212
Train Loss 1.964
Train Loss 2.001
Train Loss 2.000
Train Loss 1.965
Train Loss 1.970
Train Loss 1.942
Train Loss 1.930
Epoch   2 | Time    98 | Train Loss 1.9703 | Test Loss 0.002 | Test Error 66.74
Train Loss 0.198
Train Loss 1.909
Train Loss 1.967
Train Loss 1.964
Train Loss 1.963
Train Loss 1.977
Train Loss 1.955
Train Loss 1.939
Epoch   3 | Time    99 | Train Loss 1.9118 | Test Loss 0.002 | Test Error 63.60
Train Loss 0.183
Train Loss 1.901
Train Loss 1.916
Train Loss 1.912
Train Loss 1.883
Train Loss 1.922
Train Loss 1.928
Train Loss 1.899
Epoch   4 | Time    98 | Train Loss 1.9094 | Test Loss 0.002 | Test Error 59.48
Train Loss 0.190
Train Loss 1.889
Train Loss 1.907
Train Loss 1.881
Train Loss 1.902
Train Loss 1.896
Train Loss 1.898
Train Loss 1.892
Epoch   5 | Time    99 | Train Loss 1.8779 | Test Loss 0.002 | Test Error 59.13
Train Loss 0.193
Train Loss 1.884
Train Loss 1.850
Train Loss 1.887
Train Loss 1.883
Train Loss 1.904
Train Loss 1.864
Train Loss 1.845
Epoch   6 | Time    98 | Train Loss 1.9070 | Test Loss 0.002 | Test Error 58.69
Train Loss 0.179
Train Loss 1.882
Train Loss 1.872
Train Loss 1.842
Train Loss 1.873
Train Loss 1.867
Train Loss 1.849
Train Loss 1.863
Epoch   7 | Time    98 | Train Loss 1.8709 | Test Loss 0.002 | Test Error 59.27
Train Loss 0.175
Train Loss 1.845
Train Loss 1.872
Train Loss 1.862
Train Loss 1.854
Train Loss 1.860
Train Loss 1.878
Train Loss 1.869
Epoch   8 | Time    98 | Train Loss 1.8553 | Test Loss 0.002 | Test Error 57.85
Train Loss 0.193
Train Loss 1.805
Train Loss 1.859
Train Loss 1.849
Train Loss 1.855
Train Loss 1.817
Train Loss 1.857
Train Loss 1.837
Epoch   9 | Time    99 | Train Loss 1.8289 | Test Loss 0.002 | Test Error 56.53
Train Loss 0.182
Train Loss 1.837
Train Loss 1.841
Train Loss 1.846
Train Loss 1.832
Train Loss 1.826
Train Loss 1.829
Train Loss 1.822
Epoch  10 | Time    99 | Train Loss 1.8532 | Test Loss 0.002 | Test Error 56.63
Train Loss 0.192
Train Loss 1.814
Train Loss 1.851
Train Loss 1.830
Train Loss 1.832
Train Loss 1.812
Train Loss 1.823
Train Loss 1.834
Epoch  11 | Time    98 | Train Loss 1.8132 | Test Loss 0.002 | Test Error 57.55
Train Loss 0.185
Train Loss 1.841
Train Loss 1.829
Train Loss 1.809
Train Loss 1.851
Train Loss 1.836
Train Loss 1.794
Train Loss 1.823
Epoch  12 | Time    98 | Train Loss 1.7920 | Test Loss 0.002 | Test Error 54.78
Train Loss 0.181
Train Loss 1.797
Train Loss 1.775
Train Loss 1.836
Train Loss 1.823
Train Loss 1.788
Train Loss 1.807
Train Loss 1.803
Epoch  13 | Time    98 | Train Loss 1.8395 | Test Loss 0.002 | Test Error 56.36
Train Loss 0.181
Train Loss 1.790
Train Loss 1.803
Train Loss 1.798
Train Loss 1.811
Train Loss 1.825
Train Loss 1.814
Train Loss 1.835
Epoch  14 | Time    98 | Train Loss 1.8459 | Test Loss 0.002 | Test Error 56.69
Train Loss 0.185
Train Loss 1.820
Train Loss 1.814
Train Loss 1.778
Train Loss 1.816
Train Loss 1.801
Train Loss 1.801
Train Loss 1.818
Epoch  15 | Time    99 | Train Loss 1.8080 | Test Loss 0.002 | Test Error 55.35
Train Loss 0.176
Train Loss 1.801
Train Loss 1.783
Train Loss 1.799
Train Loss 1.819
Train Loss 1.768
Train Loss 1.797
Train Loss 1.801
Epoch  16 | Time    98 | Train Loss 1.7863 | Test Loss 0.002 | Test Error 55.33
Train Loss 0.175
Train Loss 1.795
Train Loss 1.777
Train Loss 1.799
Train Loss 1.833
Train Loss 1.798
Train Loss 1.792
Train Loss 1.810
Epoch  17 | Time    98 | Train Loss 1.7815 | Test Loss 0.002 | Test Error 57.31
Train Loss 0.185
Train Loss 1.802
Train Loss 1.812
Train Loss 1.768
Train Loss 1.768
Train Loss 1.795
Train Loss 1.793
Train Loss 1.804
Epoch  18 | Time    99 | Train Loss 1.7911 | Test Loss 0.002 | Test Error 55.24
Train Loss 0.173
Train Loss 1.773
Train Loss 1.803
Train Loss 1.787
Train Loss 1.796
Train Loss 1.782
Train Loss 1.822
Train Loss 1.783
Epoch  19 | Time    99 | Train Loss 1.8011 | Test Loss 0.002 | Test Error 55.18
Train Loss 0.182
Train Loss 1.785
Train Loss 1.782
Train Loss 1.790
Train Loss 1.801
Train Loss 1.807
Train Loss 1.765
Train Loss 1.792
Epoch  20 | Time    98 | Train Loss 1.7841 | Test Loss 0.002 | Test Error 54.92
Train Loss 0.181
Train Loss 1.764
Train Loss 1.800
Train Loss 1.822
Train Loss 1.809
Train Loss 1.785
Train Loss 1.772
Train Loss 1.772
Epoch  21 | Time    98 | Train Loss 1.7630 | Test Loss 0.002 | Test Error 56.14
Train Loss 0.170
Train Loss 1.742
Train Loss 1.756
Train Loss 1.786
Train Loss 1.793
Train Loss 1.799
Train Loss 1.777
Train Loss 1.775
Epoch  22 | Time    98 | Train Loss 1.7977 | Test Loss 0.002 | Test Error 55.09
Train Loss 0.166
Train Loss 1.750
Train Loss 1.806
Train Loss 1.757
Train Loss 1.791
Train Loss 1.779
Train Loss 1.774
Train Loss 1.770
Epoch  23 | Time    99 | Train Loss 1.7776 | Test Loss 0.002 | Test Error 54.71
Train Loss 0.187
Train Loss 1.759
Train Loss 1.767
Train Loss 1.748
Train Loss 1.740
Train Loss 1.787
Train Loss 1.762
Train Loss 1.743
Epoch  24 | Time    98 | Train Loss 1.7730 | Test Loss 0.002 | Test Error 54.18
Train Loss 0.178
Train Loss 1.758
Train Loss 1.780
Train Loss 1.758
Train Loss 1.767
Train Loss 1.744
Train Loss 1.753
Train Loss 1.764
Epoch  25 | Time    98 | Train Loss 1.8007 | Test Loss 0.002 | Test Error 54.18
Train Loss 0.171
Train Loss 1.733
Train Loss 1.789
Train Loss 1.750
Train Loss 1.760
Train Loss 1.768
Train Loss 1.763
Train Loss 1.778
Epoch  26 | Time    98 | Train Loss 1.7689 | Test Loss 0.002 | Test Error 54.69
Train Loss 0.174
Train Loss 1.737
Train Loss 1.742
Train Loss 1.764
Train Loss 1.797
Train Loss 1.741
Train Loss 1.778
Train Loss 1.740
Epoch  27 | Time    98 | Train Loss 1.7341 | Test Loss 0.002 | Test Error 53.50
Train Loss 0.172
Train Loss 1.758
Train Loss 1.762
Train Loss 1.772
Train Loss 1.749
Train Loss 1.764
Train Loss 1.754
Train Loss 1.740
Epoch  28 | Time    98 | Train Loss 1.7405 | Test Loss 0.002 | Test Error 54.06
Train Loss 0.168
Train Loss 1.766
Train Loss 1.758
Train Loss 1.767
Train Loss 1.767
Train Loss 1.778
Train Loss 1.772
Train Loss 1.753
Epoch  29 | Time    99 | Train Loss 1.7702 | Test Loss 0.002 | Test Error 54.28
Train Loss 0.172
Train Loss 1.757
Train Loss 1.768
Train Loss 1.747
Train Loss 1.758
Train Loss 1.737
Train Loss 1.742
Train Loss 1.753
Epoch  30 | Time    98 | Train Loss 1.7605 | Test Loss 0.002 | Test Error 53.78
Train Loss 0.174
Train Loss 1.739
Train Loss 1.761
Train Loss 1.757
Train Loss 1.742
Train Loss 1.781
Train Loss 1.772
Train Loss 1.746
Epoch  31 | Time    99 | Train Loss 1.7545 | Test Loss 0.002 | Test Error 53.49
Train Loss 0.182
Train Loss 1.745
Train Loss 1.777
Train Loss 1.748
Train Loss 1.757
Train Loss 1.761
Train Loss 1.757
Train Loss 1.758
Epoch  32 | Time    98 | Train Loss 1.7476 | Test Loss 0.002 | Test Error 53.19
Train Loss 0.166
Train Loss 1.727
Train Loss 1.764
Train Loss 1.742
Train Loss 1.790
Train Loss 1.763
Train Loss 1.752
Train Loss 1.749
Epoch  33 | Time    99 | Train Loss 1.7473 | Test Loss 0.002 | Test Error 54.20
Train Loss 0.186
Train Loss 1.715
Train Loss 1.744
Train Loss 1.739
Train Loss 1.781
Train Loss 1.745
Train Loss 1.752
Train Loss 1.763
Epoch  34 | Time    99 | Train Loss 1.7357 | Test Loss 0.002 | Test Error 53.56
Train Loss 0.180
Train Loss 1.734
Train Loss 1.754
Train Loss 1.773
Train Loss 1.743
Train Loss 1.754
Train Loss 1.738
Train Loss 1.720
Epoch  35 | Time    99 | Train Loss 1.7511 | Test Loss 0.001 | Test Error 52.44
Train Loss 0.178
Train Loss 1.700
Train Loss 1.753
Train Loss 1.750
Train Loss 1.729
Train Loss 1.761
Train Loss 1.738
Train Loss 1.726
Epoch  36 | Time    98 | Train Loss 1.7215 | Test Loss 0.002 | Test Error 52.91
Train Loss 0.175
Train Loss 1.703
Train Loss 1.758
Train Loss 1.744
Train Loss 1.729
Train Loss 1.741
Train Loss 1.734
Train Loss 1.769
Epoch  37 | Time    98 | Train Loss 1.7389 | Test Loss 0.001 | Test Error 52.83
Train Loss 0.176
Train Loss 1.751
Train Loss 1.784
Train Loss 1.722
Train Loss 1.716
Train Loss 1.753
Train Loss 1.725
Train Loss 1.731
Epoch  38 | Time    98 | Train Loss 1.7273 | Test Loss 0.001 | Test Error 53.43
Train Loss 0.179
Train Loss 1.733
Train Loss 1.749
Train Loss 1.728
Train Loss 1.715
Train Loss 1.747
Train Loss 1.741
Train Loss 1.732
Epoch  39 | Time    99 | Train Loss 1.7551 | Test Loss 0.001 | Test Error 52.14
Train Loss 0.177
Train Loss 1.697
Train Loss 1.729
Train Loss 1.742
Train Loss 1.741
Train Loss 1.752
Train Loss 1.724
Train Loss 1.720
Epoch  40 | Time    99 | Train Loss 1.7110 | Test Loss 0.001 | Test Error 51.87
Train Loss 0.171
Train Loss 1.711
Train Loss 1.696
Train Loss 1.739
Train Loss 1.735
Train Loss 1.734
Train Loss 1.715
Train Loss 1.710
Epoch  41 | Time    98 | Train Loss 1.7367 | Test Loss 0.001 | Test Error 52.11
Train Loss 0.164
Train Loss 1.732
Train Loss 1.698
Train Loss 1.718
Train Loss 1.739
Train Loss 1.731
Train Loss 1.751
Train Loss 1.742
Epoch  42 | Time    98 | Train Loss 1.7213 | Test Loss 0.001 | Test Error 52.41
Train Loss 0.183
Train Loss 1.734
Train Loss 1.708
Train Loss 1.709
Train Loss 1.700
Train Loss 1.725
Train Loss 1.705
Train Loss 1.718
Epoch  43 | Time    98 | Train Loss 1.7062 | Test Loss 0.001 | Test Error 51.62
Train Loss 0.168
Train Loss 1.727
Train Loss 1.710
Train Loss 1.721
Train Loss 1.727
Train Loss 1.707
Train Loss 1.716
Train Loss 1.738
Epoch  44 | Time    98 | Train Loss 1.7036 | Test Loss 0.001 | Test Error 51.84
Train Loss 0.166
Train Loss 1.733
Train Loss 1.738
Train Loss 1.745
Train Loss 1.730
Train Loss 1.716
Train Loss 1.715
Train Loss 1.727
Epoch  45 | Time    98 | Train Loss 1.6812 | Test Loss 0.001 | Test Error 52.02
Train Loss 0.177
Train Loss 1.676
Train Loss 1.722
Train Loss 1.714
Train Loss 1.692
Train Loss 1.724
Train Loss 1.702
Train Loss 1.696
Epoch  46 | Time    99 | Train Loss 1.6888 | Test Loss 0.001 | Test Error 51.59
Train Loss 0.186
Train Loss 1.686
Train Loss 1.738
Train Loss 1.721
Train Loss 1.706
Train Loss 1.698
Train Loss 1.681
Train Loss 1.693
Epoch  47 | Time    99 | Train Loss 1.6848 | Test Loss 0.001 | Test Error 51.04
Train Loss 0.165
Train Loss 1.697
Train Loss 1.671
Train Loss 1.733
Train Loss 1.699
Train Loss 1.695
Train Loss 1.678
Train Loss 1.701
Epoch  48 | Time    99 | Train Loss 1.7076 | Test Loss 0.001 | Test Error 51.35
Train Loss 0.174
Train Loss 1.678
Train Loss 1.685
Train Loss 1.698
Train Loss 1.685
Train Loss 1.698
Train Loss 1.702
Train Loss 1.688
Epoch  49 | Time    99 | Train Loss 1.6815 | Test Loss 0.001 | Test Error 51.96
Train Loss 0.169
Train Loss 1.675
Train Loss 1.709
Train Loss 1.690
Train Loss 1.708
Train Loss 1.680
Train Loss 1.682
Train Loss 1.677
Epoch  50 | Time    99 | Train Loss 1.7064 | Test Loss 0.001 | Test Error 51.09
Train Loss 0.168
Train Loss 1.690
Train Loss 1.707
Train Loss 1.697
Train Loss 1.659
Train Loss 1.696
Train Loss 1.682
Train Loss 1.692
Epoch  51 | Time    99 | Train Loss 1.6999 | Test Loss 0.001 | Test Error 50.79
Train Loss 0.169
Train Loss 1.682
Train Loss 1.684
Train Loss 1.671
Train Loss 1.716
Train Loss 1.673
Train Loss 1.670
Train Loss 1.654
Epoch  52 | Time    99 | Train Loss 1.7188 | Test Loss 0.001 | Test Error 50.35
Train Loss 0.163
Train Loss 1.667
Train Loss 1.662
Train Loss 1.697
Train Loss 1.684
Train Loss 1.689
Train Loss 1.675
Train Loss 1.689
Epoch  53 | Time    99 | Train Loss 1.6775 | Test Loss 0.001 | Test Error 50.53
Train Loss 0.172
Train Loss 1.661
Train Loss 1.688
Train Loss 1.666
Train Loss 1.655
Train Loss 1.689
Train Loss 1.684
Train Loss 1.691
Epoch  54 | Time    99 | Train Loss 1.6590 | Test Loss 0.001 | Test Error 49.98
Train Loss 0.169
Train Loss 1.643
Train Loss 1.680
Train Loss 1.666
Train Loss 1.662
Train Loss 1.696
Train Loss 1.688
Train Loss 1.676
Epoch  55 | Time    99 | Train Loss 1.6832 | Test Loss 0.001 | Test Error 49.72
Train Loss 0.170
Train Loss 1.632
Train Loss 1.677
Train Loss 1.646
Train Loss 1.655
Train Loss 1.698
Train Loss 1.695
Train Loss 1.637
Epoch  56 | Time    99 | Train Loss 1.6764 | Test Loss 0.001 | Test Error 50.40
Train Loss 0.154
Train Loss 1.675
Train Loss 1.693
Train Loss 1.682
Train Loss 1.662
Train Loss 1.666
Train Loss 1.627
Train Loss 1.649
Epoch  57 | Time    99 | Train Loss 1.6849 | Test Loss 0.001 | Test Error 50.26
Train Loss 0.177
Train Loss 1.640
Train Loss 1.692
Train Loss 1.661
Train Loss 1.658
Train Loss 1.670
Train Loss 1.658
Train Loss 1.647
Epoch  58 | Time    98 | Train Loss 1.6610 | Test Loss 0.001 | Test Error 49.72
Train Loss 0.174
Train Loss 1.649
Train Loss 1.629
Train Loss 1.651
Train Loss 1.637
Train Loss 1.660
Train Loss 1.660
Train Loss 1.634
Epoch  59 | Time    98 | Train Loss 1.6539 | Test Loss 0.001 | Test Error 49.58
Train Loss 0.156
Train Loss 1.604
Train Loss 1.641
Train Loss 1.655
Train Loss 1.665
Train Loss 1.656
Train Loss 1.665
Train Loss 1.646
Epoch  60 | Time    99 | Train Loss 1.6694 | Test Loss 0.001 | Test Error 50.08
Train Loss 0.173
Train Loss 1.638
Train Loss 1.644
Train Loss 1.652
Train Loss 1.646
Train Loss 1.648
Train Loss 1.629
Train Loss 1.642
Epoch  61 | Time    98 | Train Loss 1.6410 | Test Loss 0.001 | Test Error 49.73
Train Loss 0.175
Train Loss 1.651
Train Loss 1.644
Train Loss 1.644
Train Loss 1.655
Train Loss 1.635
Train Loss 1.643
Train Loss 1.660
Epoch  62 | Time    98 | Train Loss 1.6361 | Test Loss 0.001 | Test Error 49.73
Train Loss 0.162
Train Loss 1.626
Train Loss 1.657
Train Loss 1.663
Train Loss 1.647
Train Loss 1.635
Train Loss 1.619
Train Loss 1.612
Epoch  63 | Time    99 | Train Loss 1.6037 | Test Loss 0.001 | Test Error 48.60
Train Loss 0.162
Train Loss 1.635
Train Loss 1.642
Train Loss 1.656
Train Loss 1.621
Train Loss 1.653
Train Loss 1.631
Train Loss 1.638
Epoch  64 | Time   100 | Train Loss 1.6557 | Test Loss 0.001 | Test Error 49.38
Train Loss 0.162
Train Loss 1.626
Train Loss 1.625
Train Loss 1.633
Train Loss 1.636
Train Loss 1.610
Train Loss 1.618
Train Loss 1.600
Epoch  65 | Time    99 | Train Loss 1.6658 | Test Loss 0.001 | Test Error 49.16
Train Loss 0.174
Train Loss 1.665
Train Loss 1.620
Train Loss 1.594
Train Loss 1.610
Train Loss 1.638
Train Loss 1.640
Train Loss 1.607
Epoch  66 | Time    98 | Train Loss 1.6391 | Test Loss 0.001 | Test Error 48.72
Train Loss 0.171
Train Loss 1.618
Train Loss 1.627
Train Loss 1.628
Train Loss 1.633
Train Loss 1.605
Train Loss 1.634
Train Loss 1.609
Epoch  67 | Time    98 | Train Loss 1.6359 | Test Loss 0.001 | Test Error 48.40
Train Loss 0.161
Train Loss 1.584
Train Loss 1.654
Train Loss 1.634
Train Loss 1.619
Train Loss 1.616
Train Loss 1.652
Train Loss 1.632
Epoch  68 | Time    98 | Train Loss 1.6326 | Test Loss 0.001 | Test Error 47.65
Train Loss 0.167
Train Loss 1.583
Train Loss 1.619
Train Loss 1.608
Train Loss 1.596
Train Loss 1.614
Train Loss 1.622
Train Loss 1.611
Epoch  69 | Time    99 | Train Loss 1.6089 | Test Loss 0.001 | Test Error 48.71
Train Loss 0.170
Train Loss 1.612
Train Loss 1.607
Train Loss 1.630
Train Loss 1.616
Train Loss 1.618
Train Loss 1.624
Train Loss 1.622
Epoch  70 | Time    99 | Train Loss 1.6482 | Test Loss 0.001 | Test Error 47.93
Train Loss 0.163
Train Loss 1.617
Train Loss 1.617
Train Loss 1.581
Train Loss 1.592
Train Loss 1.583
Train Loss 1.620
Train Loss 1.600
Epoch  71 | Time    98 | Train Loss 1.6038 | Test Loss 0.001 | Test Error 47.56
Train Loss 0.153
Train Loss 1.623
Train Loss 1.612
Train Loss 1.641
Train Loss 1.615
Train Loss 1.613
Train Loss 1.647
Train Loss 1.577
Epoch  72 | Time    98 | Train Loss 1.6031 | Test Loss 0.001 | Test Error 48.39
Train Loss 0.160
Train Loss 1.588
Train Loss 1.597
Train Loss 1.604
Train Loss 1.576
Train Loss 1.617
Train Loss 1.603
Train Loss 1.624
Epoch  73 | Time    98 | Train Loss 1.5889 | Test Loss 0.001 | Test Error 47.58
Train Loss 0.156
Train Loss 1.606
Train Loss 1.610
Train Loss 1.560
Train Loss 1.583
Train Loss 1.607
Train Loss 1.624
Train Loss 1.640
Epoch  74 | Time    98 | Train Loss 1.5856 | Test Loss 0.001 | Test Error 47.28
Train Loss 0.163
Train Loss 1.620
Train Loss 1.624
Train Loss 1.607
Train Loss 1.618
Train Loss 1.563
Train Loss 1.611
Train Loss 1.585
Epoch  75 | Time   100 | Train Loss 1.5852 | Test Loss 0.001 | Test Error 47.94
Train Loss 0.157
Train Loss 1.602
Train Loss 1.592
Train Loss 1.613
Train Loss 1.590
Train Loss 1.585
Train Loss 1.617
Train Loss 1.596
Epoch  76 | Time   100 | Train Loss 1.5995 | Test Loss 0.001 | Test Error 46.99
Train Loss 0.168
Train Loss 1.601
Train Loss 1.595
Train Loss 1.613
Train Loss 1.599
Train Loss 1.581
Train Loss 1.568
Train Loss 1.596
Epoch  77 | Time    99 | Train Loss 1.6000 | Test Loss 0.001 | Test Error 47.19
Train Loss 0.163
Train Loss 1.586
Train Loss 1.584
Train Loss 1.605
Train Loss 1.610
Train Loss 1.578
Train Loss 1.560
Train Loss 1.609
Epoch  78 | Time    99 | Train Loss 1.5921 | Test Loss 0.001 | Test Error 47.23
Train Loss 0.165
Train Loss 1.612
Train Loss 1.586
Train Loss 1.603
Train Loss 1.596
Train Loss 1.597
Train Loss 1.574
Train Loss 1.581
Epoch  79 | Time   100 | Train Loss 1.5732 | Test Loss 0.001 | Test Error 46.47
Train Loss 0.158
Train Loss 1.597
Train Loss 1.565
Train Loss 1.590
Train Loss 1.607
Train Loss 1.578
Train Loss 1.588
Train Loss 1.575
Epoch  80 | Time    99 | Train Loss 1.5850 | Test Loss 0.001 | Test Error 47.13
Train Loss 0.157
Train Loss 1.575
Train Loss 1.586
Train Loss 1.591
Train Loss 1.584
Train Loss 1.558
Train Loss 1.562
Train Loss 1.578
Epoch  81 | Time    98 | Train Loss 1.6014 | Test Loss 0.001 | Test Error 47.18
Train Loss 0.155
Train Loss 1.587
Train Loss 1.587
Train Loss 1.568
Train Loss 1.571
Train Loss 1.583
Train Loss 1.581
Train Loss 1.582
Epoch  82 | Time    98 | Train Loss 1.5902 | Test Loss 0.001 | Test Error 46.76
Train Loss 0.154
Train Loss 1.565
Train Loss 1.594
Train Loss 1.578
Train Loss 1.591
Train Loss 1.590
Train Loss 1.566
Train Loss 1.568
Epoch  83 | Time    99 | Train Loss 1.5871 | Test Loss 0.001 | Test Error 46.67
Train Loss 0.160
Train Loss 1.581
Train Loss 1.598
Train Loss 1.586
Train Loss 1.570
Train Loss 1.561
Train Loss 1.575
Train Loss 1.564
Epoch  84 | Time    98 | Train Loss 1.5878 | Test Loss 0.001 | Test Error 46.88
Train Loss 0.155
Train Loss 1.586
Train Loss 1.571
Train Loss 1.583
Train Loss 1.553
Train Loss 1.590
Train Loss 1.582
Train Loss 1.554
Epoch  85 | Time    99 | Train Loss 1.5710 | Test Loss 0.001 | Test Error 46.46
Train Loss 0.147
Train Loss 1.576
Train Loss 1.584
Train Loss 1.593
Train Loss 1.578
Train Loss 1.584
Train Loss 1.548
Train Loss 1.586
Epoch  86 | Time    99 | Train Loss 1.5720 | Test Loss 0.001 | Test Error 46.62
Train Loss 0.152
Train Loss 1.567
Train Loss 1.551
Train Loss 1.575
Train Loss 1.570
Train Loss 1.580
Train Loss 1.553
Train Loss 1.580
Epoch  87 | Time    99 | Train Loss 1.5604 | Test Loss 0.001 | Test Error 46.24
Train Loss 0.167
Train Loss 1.540
Train Loss 1.566
Train Loss 1.601
Train Loss 1.580
Train Loss 1.580
Train Loss 1.574
Train Loss 1.583
Epoch  88 | Time    99 | Train Loss 1.5919 | Test Loss 0.001 | Test Error 46.29
Train Loss 0.163
Train Loss 1.562
Train Loss 1.589
Train Loss 1.565
Train Loss 1.589
Train Loss 1.555
Train Loss 1.575
Train Loss 1.571
Epoch  89 | Time    99 | Train Loss 1.5646 | Test Loss 0.001 | Test Error 46.25
Train Loss 0.178
Train Loss 1.549
Train Loss 1.563
Train Loss 1.554
Train Loss 1.549
Train Loss 1.567
Train Loss 1.586
Train Loss 1.573
Epoch  90 | Time    99 | Train Loss 1.5762 | Test Loss 0.001 | Test Error 46.07
Train Loss 0.160
Train Loss 1.527
Train Loss 1.584
Train Loss 1.594
Train Loss 1.562
Train Loss 1.568
Train Loss 1.553
Train Loss 1.565
Epoch  91 | Time    99 | Train Loss 1.5476 | Test Loss 0.001 | Test Error 46.20
Train Loss 0.152
Train Loss 1.564
Train Loss 1.575
Train Loss 1.569
Train Loss 1.594
Train Loss 1.592
Train Loss 1.569
Train Loss 1.576
Epoch  92 | Time    99 | Train Loss 1.5715 | Test Loss 0.001 | Test Error 46.32
Train Loss 0.149
Train Loss 1.550
Train Loss 1.559
Train Loss 1.591
Train Loss 1.555
Train Loss 1.571
Train Loss 1.587
Train Loss 1.585
Epoch  93 | Time    98 | Train Loss 1.5535 | Test Loss 0.001 | Test Error 46.09
Train Loss 0.151
Train Loss 1.538
Train Loss 1.564
Train Loss 1.576
Train Loss 1.571
Train Loss 1.558
Train Loss 1.581
Train Loss 1.565
Epoch  94 | Time    99 | Train Loss 1.5573 | Test Loss 0.001 | Test Error 46.17
Train Loss 0.142
Train Loss 1.557
Train Loss 1.602
Train Loss 1.565
Train Loss 1.541
Train Loss 1.556
Train Loss 1.593
Train Loss 1.575
Epoch  95 | Time    99 | Train Loss 1.5410 | Test Loss 0.001 | Test Error 46.16
Train Loss 0.143
Train Loss 1.554
Train Loss 1.558
Train Loss 1.606
Train Loss 1.558
Train Loss 1.532
Train Loss 1.555
Train Loss 1.579
Epoch  96 | Time   100 | Train Loss 1.5468 | Test Loss 0.001 | Test Error 46.00
Train Loss 0.159
Train Loss 1.599
Train Loss 1.560
Train Loss 1.563
Train Loss 1.570
Train Loss 1.554
Train Loss 1.541
Train Loss 1.523
Epoch  97 | Time    99 | Train Loss 1.5634 | Test Loss 0.001 | Test Error 46.08
Train Loss 0.153
Train Loss 1.535
Train Loss 1.567
Train Loss 1.590
Train Loss 1.589
Train Loss 1.543
Train Loss 1.559
Train Loss 1.551
Epoch  98 | Time    99 | Train Loss 1.5846 | Test Loss 0.001 | Test Error 46.01
Train Loss 0.158
Train Loss 1.565
Train Loss 1.593
Train Loss 1.551
Train Loss 1.571
Train Loss 1.558
Train Loss 1.578
Train Loss 1.570
Epoch  99 | Time   100 | Train Loss 1.5794 | Test Loss 0.001 | Test Error 46.00
Train Loss 0.143
Train Loss 1.583
Train Loss 1.573
Train Loss 1.553
Train Loss 1.559
Train Loss 1.559
Train Loss 1.545
Train Loss 1.555
Epoch 100 | Time   100 | Train Loss 1.5604 | Test Loss 0.001 | Test Error 45.97
gaussian_noise
	Test Loss 0.001 | Test Error 50.038
shot_noise
	Test Loss 0.001 | Test Error 48.918
impulse_noise
	Test Loss 0.001 | Test Error 51.946
defocus_blur
	Test Loss 0.001 | Test Error 47.926
glass_blur
	Test Loss 0.001 | Test Error 48.464
motion_blur
	Test Loss 0.001 | Test Error 47.974
zoom_blur
	Test Loss 0.001 | Test Error 49.142
snow
	Test Loss 0.001 | Test Error 48.580
frost
	Test Loss 0.002 | Test Error 54.152
fog
	Test Loss 0.002 | Test Error 56.856
brightness
	Test Loss 0.001 | Test Error 48.752
contrast
	Test Loss 0.002 | Test Error 66.166
elastic_transform
	Test Loss 0.001 | Test Error 48.838
pixelate
	Test Loss 0.001 | Test Error 46.890
jpeg_compression
	Test Loss 0.001 | Test Error 47.260
Mean Corruption Error: 50.793
