Files already downloaded and verified
Files already downloaded and verified
This file is for cnvnxt_pt with SGD , lambda_lrs and 0.001
Beginning training from epoch: 1
Train Loss 0.260
Train Loss 1.676
Train Loss 1.372
Train Loss 1.211
Train Loss 1.087
Train Loss 1.051
Train Loss 1.047
Train Loss 0.979
Epoch   1 | Time    82 | Train Loss 0.9421 | Test Loss 0.001 | Test Error 21.07
Train Loss 0.094
Train Loss 0.894
Train Loss 0.899
Train Loss 0.920
Train Loss 0.869
Train Loss 0.859
Train Loss 0.861
Train Loss 0.821
Epoch   2 | Time    77 | Train Loss 0.8138 | Test Loss 0.001 | Test Error 15.81
Train Loss 0.076
Train Loss 0.816
Train Loss 0.785
Train Loss 0.779
Train Loss 0.765
Train Loss 0.792
Train Loss 0.789
Train Loss 0.751
Epoch   3 | Time    78 | Train Loss 0.7826 | Test Loss 0.000 | Test Error 14.44
Train Loss 0.071
Train Loss 0.751
Train Loss 0.751
Train Loss 0.732
Train Loss 0.738
Train Loss 0.729
Train Loss 0.725
Train Loss 0.732
Epoch   4 | Time    78 | Train Loss 0.7037 | Test Loss 0.000 | Test Error 13.75
Train Loss 0.067
Train Loss 0.695
Train Loss 0.700
Train Loss 0.717
Train Loss 0.701
Train Loss 0.726
Train Loss 0.679
Train Loss 0.668
Epoch   5 | Time    76 | Train Loss 0.6757 | Test Loss 0.000 | Test Error 13.15
Train Loss 0.067
Train Loss 0.704
Train Loss 0.635
Train Loss 0.680
Train Loss 0.642
Train Loss 0.683
Train Loss 0.643
Train Loss 0.656
Epoch   6 | Time    78 | Train Loss 0.6996 | Test Loss 0.000 | Test Error 12.18
Train Loss 0.059
Train Loss 0.640
Train Loss 0.677
Train Loss 0.619
Train Loss 0.624
Train Loss 0.660
Train Loss 0.622
Train Loss 0.640
Epoch   7 | Time    78 | Train Loss 0.6446 | Test Loss 0.000 | Test Error 12.27
Train Loss 0.080
Train Loss 0.637
Train Loss 0.641
Train Loss 0.612
Train Loss 0.626
Train Loss 0.613
Train Loss 0.592
Train Loss 0.628
Epoch   8 | Time    77 | Train Loss 0.5903 | Test Loss 0.000 | Test Error 12.07
Train Loss 0.063
Train Loss 0.602
Train Loss 0.624
Train Loss 0.634
Train Loss 0.639
Train Loss 0.595
Train Loss 0.609
Train Loss 0.599
Epoch   9 | Time    77 | Train Loss 0.5957 | Test Loss 0.000 | Test Error 11.45
Train Loss 0.056
Train Loss 0.614
Train Loss 0.588
Train Loss 0.589
Train Loss 0.595
Train Loss 0.605
Train Loss 0.570
Train Loss 0.559
Epoch  10 | Time    77 | Train Loss 0.6239 | Test Loss 0.000 | Test Error 11.06
Train Loss 0.078
Train Loss 0.588
Train Loss 0.571
Train Loss 0.562
Train Loss 0.572
Train Loss 0.557
Train Loss 0.582
Train Loss 0.586
Epoch  11 | Time    77 | Train Loss 0.5756 | Test Loss 0.000 | Test Error 11.06
Train Loss 0.054
Train Loss 0.579
Train Loss 0.579
Train Loss 0.567
Train Loss 0.586
Train Loss 0.552
Train Loss 0.538
Train Loss 0.563
Epoch  12 | Time    77 | Train Loss 0.5628 | Test Loss 0.000 | Test Error 10.69
Train Loss 0.043
Train Loss 0.559
Train Loss 0.515
Train Loss 0.560
Train Loss 0.573
Train Loss 0.550
Train Loss 0.524
Train Loss 0.553
Epoch  13 | Time    77 | Train Loss 0.5683 | Test Loss 0.000 | Test Error 10.56
Train Loss 0.046
Train Loss 0.534
Train Loss 0.546
Train Loss 0.548
Train Loss 0.542
Train Loss 0.548
Train Loss 0.546
Train Loss 0.527
Epoch  14 | Time    77 | Train Loss 0.5809 | Test Loss 0.000 | Test Error 10.14
Train Loss 0.056
Train Loss 0.558
Train Loss 0.547
Train Loss 0.522
Train Loss 0.551
Train Loss 0.514
Train Loss 0.518
Train Loss 0.520
Epoch  15 | Time    78 | Train Loss 0.5137 | Test Loss 0.000 | Test Error 9.85
Train Loss 0.061
Train Loss 0.541
Train Loss 0.531
Train Loss 0.519
Train Loss 0.543
Train Loss 0.493
Train Loss 0.524
Train Loss 0.531
Epoch  16 | Time    77 | Train Loss 0.4833 | Test Loss 0.000 | Test Error 9.70
Train Loss 0.057
Train Loss 0.543
Train Loss 0.543
Train Loss 0.506
Train Loss 0.520
Train Loss 0.519
Train Loss 0.525
Train Loss 0.523
Epoch  17 | Time    76 | Train Loss 0.5135 | Test Loss 0.000 | Test Error 9.84
Train Loss 0.050
Train Loss 0.517
Train Loss 0.531
Train Loss 0.508
Train Loss 0.493
Train Loss 0.518
Train Loss 0.512
Train Loss 0.470
Epoch  18 | Time    77 | Train Loss 0.5194 | Test Loss 0.000 | Test Error 9.72
Train Loss 0.056
Train Loss 0.492
Train Loss 0.500
Train Loss 0.527
Train Loss 0.507
Train Loss 0.496
Train Loss 0.496
Train Loss 0.490
Epoch  19 | Time    77 | Train Loss 0.5057 | Test Loss 0.000 | Test Error 9.81
Train Loss 0.054
Train Loss 0.510
Train Loss 0.502
Train Loss 0.493
Train Loss 0.510
Train Loss 0.503
Train Loss 0.503
Train Loss 0.481
Epoch  20 | Time    77 | Train Loss 0.4896 | Test Loss 0.000 | Test Error 9.40
Train Loss 0.046
Train Loss 0.471
Train Loss 0.482
Train Loss 0.485
Train Loss 0.510
Train Loss 0.498
Train Loss 0.477
Train Loss 0.483
Epoch  21 | Time    77 | Train Loss 0.4788 | Test Loss 0.000 | Test Error 9.41
Train Loss 0.045
Train Loss 0.475
Train Loss 0.469
Train Loss 0.495
Train Loss 0.513
Train Loss 0.487
Train Loss 0.502
Train Loss 0.483
Epoch  22 | Time    77 | Train Loss 0.5178 | Test Loss 0.000 | Test Error 9.23
Train Loss 0.041
Train Loss 0.474
Train Loss 0.494
Train Loss 0.450
Train Loss 0.492
Train Loss 0.479
Train Loss 0.469
Train Loss 0.492
Epoch  23 | Time    76 | Train Loss 0.4725 | Test Loss 0.000 | Test Error 9.26
Train Loss 0.050
Train Loss 0.474
Train Loss 0.442
Train Loss 0.444
Train Loss 0.470
Train Loss 0.476
Train Loss 0.473
Train Loss 0.452
Epoch  24 | Time    78 | Train Loss 0.4858 | Test Loss 0.000 | Test Error 9.20
Train Loss 0.042
Train Loss 0.436
Train Loss 0.478
Train Loss 0.452
Train Loss 0.481
Train Loss 0.467
Train Loss 0.495
Train Loss 0.447
Epoch  25 | Time    78 | Train Loss 0.4534 | Test Loss 0.000 | Test Error 9.06
Train Loss 0.030
Train Loss 0.430
Train Loss 0.487
Train Loss 0.466
Train Loss 0.469
Train Loss 0.461
Train Loss 0.474
Train Loss 0.478
Epoch  26 | Time    78 | Train Loss 0.4946 | Test Loss 0.000 | Test Error 8.92
Train Loss 0.041
Train Loss 0.425
Train Loss 0.440
Train Loss 0.449
Train Loss 0.445
Train Loss 0.462
Train Loss 0.474
Train Loss 0.450
Epoch  27 | Time    77 | Train Loss 0.4701 | Test Loss 0.000 | Test Error 9.56
Train Loss 0.033
Train Loss 0.453
Train Loss 0.447
Train Loss 0.460
Train Loss 0.434
Train Loss 0.459
Train Loss 0.464
Train Loss 0.440
Epoch  28 | Time    78 | Train Loss 0.4409 | Test Loss 0.000 | Test Error 8.83
Train Loss 0.037
Train Loss 0.434
Train Loss 0.419
Train Loss 0.429
Train Loss 0.459
Train Loss 0.472
Train Loss 0.451
Train Loss 0.445
Epoch  29 | Time    78 | Train Loss 0.4351 | Test Loss 0.000 | Test Error 8.80
Train Loss 0.041
Train Loss 0.429
Train Loss 0.424
Train Loss 0.446
Train Loss 0.450
Train Loss 0.417
Train Loss 0.436
Train Loss 0.442
Epoch  30 | Time    77 | Train Loss 0.4371 | Test Loss 0.000 | Test Error 8.83
Train Loss 0.044
Train Loss 0.401
Train Loss 0.438
Train Loss 0.436
Train Loss 0.458
Train Loss 0.456
Train Loss 0.468
Train Loss 0.452
Epoch  31 | Time    77 | Train Loss 0.4151 | Test Loss 0.000 | Test Error 9.04
Train Loss 0.051
Train Loss 0.443
Train Loss 0.412
Train Loss 0.441
Train Loss 0.462
Train Loss 0.417
Train Loss 0.427
Train Loss 0.441
Epoch  32 | Time    77 | Train Loss 0.4267 | Test Loss 0.000 | Test Error 8.53
Train Loss 0.042
Train Loss 0.415
Train Loss 0.419
Train Loss 0.445
Train Loss 0.427
Train Loss 0.429
Train Loss 0.406
Train Loss 0.413
Epoch  33 | Time    78 | Train Loss 0.4180 | Test Loss 0.000 | Test Error 8.32
Train Loss 0.045
Train Loss 0.376
Train Loss 0.397
Train Loss 0.447
Train Loss 0.416
Train Loss 0.423
Train Loss 0.436
Train Loss 0.447
Epoch  34 | Time    77 | Train Loss 0.4251 | Test Loss 0.000 | Test Error 8.27
Train Loss 0.035
Train Loss 0.433
Train Loss 0.416
Train Loss 0.407
Train Loss 0.424
Train Loss 0.399
Train Loss 0.388
Train Loss 0.435
Epoch  35 | Time    77 | Train Loss 0.4345 | Test Loss 0.000 | Test Error 8.68
Train Loss 0.046
Train Loss 0.413
Train Loss 0.409
Train Loss 0.446
Train Loss 0.417
Train Loss 0.417
Train Loss 0.436
Train Loss 0.405
Epoch  36 | Time    77 | Train Loss 0.3937 | Test Loss 0.000 | Test Error 8.35
Train Loss 0.037
Train Loss 0.395
Train Loss 0.438
Train Loss 0.425
Train Loss 0.399
Train Loss 0.409
Train Loss 0.385
Train Loss 0.419
Epoch  37 | Time    76 | Train Loss 0.4031 | Test Loss 0.000 | Test Error 8.33
Train Loss 0.045
Train Loss 0.423
Train Loss 0.428
Train Loss 0.428
Train Loss 0.405
Train Loss 0.408
Train Loss 0.407
Train Loss 0.406
Epoch  38 | Time    77 | Train Loss 0.3858 | Test Loss 0.000 | Test Error 8.34
Train Loss 0.045
Train Loss 0.372
Train Loss 0.383
Train Loss 0.425
Train Loss 0.392
Train Loss 0.398
Train Loss 0.448
Train Loss 0.395
Epoch  39 | Time    77 | Train Loss 0.4154 | Test Loss 0.000 | Test Error 8.02
Train Loss 0.041
Train Loss 0.412
Train Loss 0.396
Train Loss 0.425
Train Loss 0.418
Train Loss 0.378
Train Loss 0.420
Train Loss 0.403
Epoch  40 | Time    77 | Train Loss 0.3868 | Test Loss 0.000 | Test Error 8.40
Train Loss 0.031
Train Loss 0.405
Train Loss 0.382
Train Loss 0.405
Train Loss 0.420
Train Loss 0.405
Train Loss 0.412
Train Loss 0.411
Epoch  41 | Time    76 | Train Loss 0.4040 | Test Loss 0.000 | Test Error 8.13
Train Loss 0.040
Train Loss 0.409
Train Loss 0.388
Train Loss 0.398
Train Loss 0.384
Train Loss 0.409
Train Loss 0.375
Train Loss 0.424
Epoch  42 | Time    77 | Train Loss 0.3923 | Test Loss 0.000 | Test Error 8.01
Train Loss 0.049
Train Loss 0.382
Train Loss 0.368
Train Loss 0.368
Train Loss 0.412
Train Loss 0.402
Train Loss 0.380
Train Loss 0.391
Epoch  43 | Time    78 | Train Loss 0.4176 | Test Loss 0.000 | Test Error 7.96
Train Loss 0.035
Train Loss 0.392
Train Loss 0.415
Train Loss 0.399
Train Loss 0.395
Train Loss 0.389
Train Loss 0.410
Train Loss 0.390
Epoch  44 | Time    77 | Train Loss 0.3850 | Test Loss 0.000 | Test Error 7.95
Train Loss 0.034
Train Loss 0.386
Train Loss 0.374
Train Loss 0.379
Train Loss 0.359
Train Loss 0.390
Train Loss 0.410
Train Loss 0.386
Epoch  45 | Time    77 | Train Loss 0.3623 | Test Loss 0.000 | Test Error 7.72
Train Loss 0.038
Train Loss 0.357
Train Loss 0.396
Train Loss 0.406
Train Loss 0.370
Train Loss 0.383
Train Loss 0.386
Train Loss 0.394
Epoch  46 | Time    77 | Train Loss 0.3900 | Test Loss 0.000 | Test Error 7.77
Train Loss 0.054
Train Loss 0.378
Train Loss 0.386
Train Loss 0.403
Train Loss 0.375
Train Loss 0.353
Train Loss 0.373
Train Loss 0.366
Epoch  47 | Time    77 | Train Loss 0.3637 | Test Loss 0.000 | Test Error 7.83
Train Loss 0.036
Train Loss 0.383
Train Loss 0.387
Train Loss 0.391
Train Loss 0.373
Train Loss 0.356
Train Loss 0.386
Train Loss 0.329
Epoch  48 | Time    77 | Train Loss 0.3604 | Test Loss 0.000 | Test Error 7.89
Train Loss 0.033
Train Loss 0.370
Train Loss 0.366
Train Loss 0.361
Train Loss 0.391
Train Loss 0.363
Train Loss 0.356
Train Loss 0.374
Epoch  49 | Time    77 | Train Loss 0.3599 | Test Loss 0.000 | Test Error 7.88
Train Loss 0.036
Train Loss 0.394
Train Loss 0.389
Train Loss 0.369
Train Loss 0.375
Train Loss 0.331
Train Loss 0.393
Train Loss 0.372
Epoch  50 | Time    77 | Train Loss 0.3785 | Test Loss 0.000 | Test Error 7.28
Train Loss 0.044
Train Loss 0.380
Train Loss 0.344
Train Loss 0.384
Train Loss 0.338
Train Loss 0.344
Train Loss 0.364
Train Loss 0.368
Epoch  51 | Time    77 | Train Loss 0.3612 | Test Loss 0.000 | Test Error 7.41
Train Loss 0.040
Train Loss 0.379
Train Loss 0.354
Train Loss 0.368
Train Loss 0.367
Train Loss 0.356
Train Loss 0.369
Train Loss 0.366
Epoch  52 | Time    77 | Train Loss 0.3697 | Test Loss 0.000 | Test Error 7.61
Train Loss 0.033
Train Loss 0.350
Train Loss 0.369
Train Loss 0.343
Train Loss 0.361
Train Loss 0.385
Train Loss 0.350
Train Loss 0.370
Epoch  53 | Time    77 | Train Loss 0.3393 | Test Loss 0.000 | Test Error 7.81
Train Loss 0.035
Train Loss 0.374
Train Loss 0.364
Train Loss 0.374
Train Loss 0.362
Train Loss 0.356
Train Loss 0.380
Train Loss 0.359
Epoch  54 | Time    76 | Train Loss 0.3596 | Test Loss 0.000 | Test Error 7.31
Train Loss 0.031
Train Loss 0.378
Train Loss 0.350
Train Loss 0.383
Train Loss 0.356
Train Loss 0.361
Train Loss 0.383
Train Loss 0.364
Epoch  55 | Time    77 | Train Loss 0.3639 | Test Loss 0.000 | Test Error 7.51
Train Loss 0.032
Train Loss 0.331
Train Loss 0.347
Train Loss 0.344
Train Loss 0.347
Train Loss 0.339
Train Loss 0.339
Train Loss 0.373
Epoch  56 | Time    77 | Train Loss 0.3595 | Test Loss 0.000 | Test Error 7.39
Train Loss 0.041
Train Loss 0.375
Train Loss 0.370
Train Loss 0.334
Train Loss 0.347
Train Loss 0.336
Train Loss 0.349
Train Loss 0.355
Epoch  57 | Time    77 | Train Loss 0.3568 | Test Loss 0.000 | Test Error 7.34
Train Loss 0.042
Train Loss 0.307
Train Loss 0.379
Train Loss 0.318
Train Loss 0.358
Train Loss 0.327
Train Loss 0.350
Train Loss 0.345
Epoch  58 | Time    77 | Train Loss 0.3324 | Test Loss 0.000 | Test Error 7.53
Train Loss 0.036
Train Loss 0.331
Train Loss 0.365
Train Loss 0.360
Train Loss 0.338
Train Loss 0.341
Train Loss 0.309
Train Loss 0.370
Epoch  59 | Time    77 | Train Loss 0.3567 | Test Loss 0.000 | Test Error 7.67
Train Loss 0.028
Train Loss 0.338
Train Loss 0.336
Train Loss 0.348
Train Loss 0.333
Train Loss 0.339
Train Loss 0.321
Train Loss 0.336
Epoch  60 | Time    78 | Train Loss 0.3542 | Test Loss 0.000 | Test Error 7.39
Train Loss 0.041
Train Loss 0.365
Train Loss 0.335
Train Loss 0.323
Train Loss 0.351
Train Loss 0.332
Train Loss 0.325
Train Loss 0.330
Epoch  61 | Time    77 | Train Loss 0.3333 | Test Loss 0.000 | Test Error 7.30
Train Loss 0.034
Train Loss 0.353
Train Loss 0.344
Train Loss 0.353
Train Loss 0.359
Train Loss 0.353
Train Loss 0.335
Train Loss 0.352
Epoch  62 | Time    77 | Train Loss 0.3585 | Test Loss 0.000 | Test Error 7.38
Train Loss 0.029
Train Loss 0.344
Train Loss 0.345
Train Loss 0.330
Train Loss 0.343
Train Loss 0.340
Train Loss 0.343
Train Loss 0.332
Epoch  63 | Time    77 | Train Loss 0.3112 | Test Loss 0.000 | Test Error 7.27
Train Loss 0.038
Train Loss 0.330
Train Loss 0.340
Train Loss 0.322
Train Loss 0.347
Train Loss 0.341
Train Loss 0.343
Train Loss 0.318
Epoch  64 | Time    78 | Train Loss 0.3616 | Test Loss 0.000 | Test Error 7.09
Train Loss 0.029
Train Loss 0.348
Train Loss 0.316
Train Loss 0.359
Train Loss 0.351
Train Loss 0.342
Train Loss 0.336
Train Loss 0.318
Epoch  65 | Time    77 | Train Loss 0.3478 | Test Loss 0.000 | Test Error 7.20
Train Loss 0.031
Train Loss 0.336
Train Loss 0.323
Train Loss 0.346
Train Loss 0.331
Train Loss 0.344
Train Loss 0.317
Train Loss 0.347
Epoch  66 | Time    77 | Train Loss 0.3469 | Test Loss 0.000 | Test Error 7.32
Train Loss 0.032
Train Loss 0.347
Train Loss 0.338
Train Loss 0.334
Train Loss 0.338
Train Loss 0.313
Train Loss 0.340
Train Loss 0.335
Epoch  67 | Time    77 | Train Loss 0.3296 | Test Loss 0.000 | Test Error 6.90
Train Loss 0.033
Train Loss 0.340
Train Loss 0.329
Train Loss 0.350
Train Loss 0.327
Train Loss 0.337
Train Loss 0.342
Train Loss 0.318
Epoch  68 | Time    77 | Train Loss 0.3282 | Test Loss 0.000 | Test Error 7.13
Train Loss 0.043
Train Loss 0.311
Train Loss 0.310
Train Loss 0.328
Train Loss 0.337
Train Loss 0.322
Train Loss 0.322
Train Loss 0.322
Epoch  69 | Time    77 | Train Loss 0.3181 | Test Loss 0.000 | Test Error 7.10
Train Loss 0.042
Train Loss 0.307
Train Loss 0.335
Train Loss 0.305
Train Loss 0.337
Train Loss 0.368
Train Loss 0.320
Train Loss 0.323
Epoch  70 | Time    77 | Train Loss 0.3387 | Test Loss 0.000 | Test Error 6.95
Train Loss 0.037
Train Loss 0.320
Train Loss 0.337
Train Loss 0.327
Train Loss 0.314
Train Loss 0.322
Train Loss 0.334
Train Loss 0.309
Epoch  71 | Time    77 | Train Loss 0.3275 | Test Loss 0.000 | Test Error 7.08
Train Loss 0.027
Train Loss 0.321
Train Loss 0.298
Train Loss 0.323
Train Loss 0.321
Train Loss 0.307
Train Loss 0.330
Train Loss 0.315
Epoch  72 | Time    77 | Train Loss 0.3361 | Test Loss 0.000 | Test Error 7.08
Train Loss 0.033
Train Loss 0.311
Train Loss 0.299
Train Loss 0.319
Train Loss 0.306
Train Loss 0.334
Train Loss 0.327
Train Loss 0.313
Epoch  73 | Time    77 | Train Loss 0.2926 | Test Loss 0.000 | Test Error 7.14
Train Loss 0.019
Train Loss 0.319
Train Loss 0.304
Train Loss 0.308
Train Loss 0.308
Train Loss 0.336
Train Loss 0.342
Train Loss 0.322
Epoch  74 | Time    77 | Train Loss 0.3072 | Test Loss 0.000 | Test Error 6.81
Train Loss 0.020
Train Loss 0.303
Train Loss 0.302
Train Loss 0.309
Train Loss 0.318
Train Loss 0.320
Train Loss 0.322
Train Loss 0.314
Epoch  75 | Time    76 | Train Loss 0.3065 | Test Loss 0.000 | Test Error 6.94
Train Loss 0.028
Train Loss 0.315
Train Loss 0.323
Train Loss 0.286
Train Loss 0.352
Train Loss 0.319
Train Loss 0.330
Train Loss 0.329
Epoch  76 | Time    77 | Train Loss 0.3345 | Test Loss 0.000 | Test Error 6.93
Train Loss 0.035
Train Loss 0.304
Train Loss 0.364
Train Loss 0.330
Train Loss 0.298
Train Loss 0.304
Train Loss 0.308
Train Loss 0.328
Epoch  77 | Time    77 | Train Loss 0.3185 | Test Loss 0.000 | Test Error 6.97
Train Loss 0.022
Train Loss 0.308
Train Loss 0.312
Train Loss 0.311
Train Loss 0.324
Train Loss 0.301
Train Loss 0.306
Train Loss 0.320
Epoch  78 | Time    78 | Train Loss 0.3189 | Test Loss 0.000 | Test Error 6.86
Train Loss 0.031
Train Loss 0.325
Train Loss 0.298
Train Loss 0.307
Train Loss 0.294
Train Loss 0.299
Train Loss 0.303
Train Loss 0.316
Epoch  79 | Time    77 | Train Loss 0.2904 | Test Loss 0.000 | Test Error 6.97
Train Loss 0.039
Train Loss 0.291
Train Loss 0.325
Train Loss 0.292
Train Loss 0.302
Train Loss 0.294
Train Loss 0.314
Train Loss 0.324
Epoch  80 | Time    77 | Train Loss 0.3224 | Test Loss 0.000 | Test Error 6.90
Train Loss 0.036
Train Loss 0.297
Train Loss 0.305
Train Loss 0.301
Train Loss 0.305
Train Loss 0.297
Train Loss 0.311
Train Loss 0.327
Epoch  81 | Time    77 | Train Loss 0.3471 | Test Loss 0.000 | Test Error 6.87
Train Loss 0.029
Train Loss 0.299
Train Loss 0.303
Train Loss 0.294
Train Loss 0.305
Train Loss 0.310
Train Loss 0.297
Train Loss 0.286
Epoch  82 | Time    77 | Train Loss 0.3074 | Test Loss 0.000 | Test Error 6.79
Train Loss 0.028
Train Loss 0.323
Train Loss 0.311
Train Loss 0.278
Train Loss 0.296
Train Loss 0.323
Train Loss 0.315
Train Loss 0.305
Epoch  83 | Time    77 | Train Loss 0.3221 | Test Loss 0.000 | Test Error 6.99
Train Loss 0.031
Train Loss 0.300
Train Loss 0.325
Train Loss 0.279
Train Loss 0.314
Train Loss 0.302
Train Loss 0.289
Train Loss 0.297
Epoch  84 | Time    77 | Train Loss 0.2973 | Test Loss 0.000 | Test Error 6.91
Train Loss 0.025
Train Loss 0.302
Train Loss 0.295
Train Loss 0.312
Train Loss 0.316
Train Loss 0.308
Train Loss 0.306
Train Loss 0.275
Epoch  85 | Time    76 | Train Loss 0.3293 | Test Loss 0.000 | Test Error 6.86
Train Loss 0.025
Train Loss 0.287
Train Loss 0.288
Train Loss 0.311
Train Loss 0.304
Train Loss 0.295
Train Loss 0.281
Train Loss 0.309
Epoch  86 | Time    78 | Train Loss 0.3046 | Test Loss 0.000 | Test Error 6.77
Train Loss 0.030
Train Loss 0.301
Train Loss 0.302
Train Loss 0.301
Train Loss 0.303
Train Loss 0.324
Train Loss 0.295
Train Loss 0.300
Epoch  87 | Time    77 | Train Loss 0.2904 | Test Loss 0.000 | Test Error 6.73
Train Loss 0.032
Train Loss 0.282
Train Loss 0.300
Train Loss 0.294
Train Loss 0.317
Train Loss 0.307
Train Loss 0.297
Train Loss 0.303
Epoch  88 | Time    78 | Train Loss 0.3290 | Test Loss 0.000 | Test Error 6.78
Train Loss 0.024
Train Loss 0.285
Train Loss 0.317
Train Loss 0.284
Train Loss 0.298
Train Loss 0.319
Train Loss 0.309
Train Loss 0.297
Epoch  89 | Time    77 | Train Loss 0.3170 | Test Loss 0.000 | Test Error 6.89
Train Loss 0.044
Train Loss 0.291
Train Loss 0.297
Train Loss 0.321
Train Loss 0.293
Train Loss 0.288
Train Loss 0.330
Train Loss 0.292
Epoch  90 | Time    77 | Train Loss 0.3076 | Test Loss 0.000 | Test Error 6.75
Train Loss 0.033
Train Loss 0.295
Train Loss 0.306
Train Loss 0.291
Train Loss 0.278
Train Loss 0.306
Train Loss 0.305
Train Loss 0.290
Epoch  91 | Time    77 | Train Loss 0.3013 | Test Loss 0.000 | Test Error 6.88
Train Loss 0.023
Train Loss 0.272
Train Loss 0.291
Train Loss 0.294
Train Loss 0.326
Train Loss 0.321
Train Loss 0.282
Train Loss 0.291
Epoch  92 | Time    77 | Train Loss 0.2880 | Test Loss 0.000 | Test Error 6.81
Train Loss 0.026
Train Loss 0.284
Train Loss 0.306
Train Loss 0.321
Train Loss 0.309
Train Loss 0.300
Train Loss 0.311
Train Loss 0.314
Epoch  93 | Time    77 | Train Loss 0.2831 | Test Loss 0.000 | Test Error 6.78
Train Loss 0.028
Train Loss 0.262
Train Loss 0.301
Train Loss 0.323
Train Loss 0.328
Train Loss 0.299
Train Loss 0.332
Train Loss 0.304
Epoch  94 | Time    77 | Train Loss 0.2903 | Test Loss 0.000 | Test Error 6.85
Train Loss 0.028
Train Loss 0.295
Train Loss 0.294
Train Loss 0.271
Train Loss 0.284
Train Loss 0.278
Train Loss 0.303
Train Loss 0.306
Epoch  95 | Time    77 | Train Loss 0.2574 | Test Loss 0.000 | Test Error 6.86
Train Loss 0.019
Train Loss 0.311
Train Loss 0.293
Train Loss 0.308
Train Loss 0.282
Train Loss 0.271
Train Loss 0.271
Train Loss 0.293
Epoch  96 | Time    76 | Train Loss 0.2714 | Test Loss 0.000 | Test Error 6.79
Train Loss 0.044
Train Loss 0.285
Train Loss 0.306
Train Loss 0.309
Train Loss 0.294
Train Loss 0.285
Train Loss 0.291
Train Loss 0.278
Epoch  97 | Time    77 | Train Loss 0.2885 | Test Loss 0.000 | Test Error 6.82
Train Loss 0.027
Train Loss 0.281
Train Loss 0.280
Train Loss 0.294
Train Loss 0.318
Train Loss 0.276
Train Loss 0.302
Train Loss 0.302
Epoch  98 | Time    77 | Train Loss 0.2938 | Test Loss 0.000 | Test Error 6.84
Train Loss 0.021
Train Loss 0.283
Train Loss 0.297
Train Loss 0.287
Train Loss 0.291
Train Loss 0.315
Train Loss 0.305
Train Loss 0.312
Epoch  99 | Time    77 | Train Loss 0.2998 | Test Loss 0.000 | Test Error 6.79
Train Loss 0.032
Train Loss 0.315
Train Loss 0.291
Train Loss 0.284
Train Loss 0.276
Train Loss 0.301
Train Loss 0.321
Train Loss 0.286
Epoch 100 | Time    77 | Train Loss 0.2923 | Test Loss 0.000 | Test Error 6.77
gaussian_noise
	Test Loss 0.001 | Test Error 18.696
shot_noise
	Test Loss 0.000 | Test Error 15.412
impulse_noise
	Test Loss 0.001 | Test Error 16.986
defocus_blur
	Test Loss 0.000 | Test Error 8.352
glass_blur
	Test Loss 0.001 | Test Error 21.712
motion_blur
	Test Loss 0.000 | Test Error 10.178
zoom_blur
	Test Loss 0.000 | Test Error 9.858
snow
	Test Loss 0.000 | Test Error 12.456
frost
	Test Loss 0.000 | Test Error 13.164
fog
	Test Loss 0.000 | Test Error 11.918
brightness
	Test Loss 0.000 | Test Error 7.886
contrast
	Test Loss 0.000 | Test Error 10.622
elastic_transform
	Test Loss 0.000 | Test Error 11.220
pixelate
	Test Loss 0.000 | Test Error 14.302
jpeg_compression
	Test Loss 0.000 | Test Error 13.338
Mean Corruption Error: 13.073
Error 25.012

Computing Metrics for gaussian_noise

gaussian_noise Flipping Prob
0.02857666666666666
Top5 Distance	1.12168
Zipf Distance	0.05322

Computing Metrics for shot_noise

shot_noise Flipping Prob
0.0365833333333334
Top5 Distance	1.38924
Zipf Distance	0.06693

Computing Metrics for motion_blur

motion_blur Flipping Prob
0.024959999999999725
Top5 Distance	0.75718
Zipf Distance	0.04018

Computing Metrics for zoom_blur

zoom_blur Flipping Prob
0.002263333333333339
Top5 Distance	0.08567
Zipf Distance	0.00408

Computing Metrics for spatter

spatter Flipping Prob
0.015009999999999742
Top5 Distance	0.38521
Zipf Distance	0.02289

Computing Metrics for brightness

brightness Flipping Prob
0.004426666666666724
Top5 Distance	0.16089
Zipf Distance	0.00781

Computing Metrics for translate

translate Flipping Prob
0.027953333333333094
Top5 Distance	0.99347
Zipf Distance	0.04930

Computing Metrics for rotate

rotate Flipping Prob
0.01461999999999989
Top5 Distance	0.50845
Zipf Distance	0.02529

Computing Metrics for tilt

tilt Flipping Prob
0.006240000000000034
Top5 Distance	0.22530
Zipf Distance	0.01098

Computing Metrics for scale

scale Flipping Prob
0.02041333333333326
Top5 Distance	0.62996
Zipf Distance	0.03318

Computing Metrics for speckle_noise

speckle_noise Flipping Prob
0.0342466666666667
Top5 Distance	1.32832
Zipf Distance	0.06331

Computing Metrics for gaussian_blur

gaussian_blur Flipping Prob
0.0024033333333333406
Top5 Distance	0.08796
Zipf Distance	0.00423

Computing Metrics for snow

snow Flipping Prob
0.012150000000000015
Top5 Distance	0.34475
Zipf Distance	0.01872

Computing Metrics for shear

shear Flipping Prob
0.011956666666666596
Top5 Distance	0.41907
Zipf Distance	0.02075
[0.02857666666666666, 0.0365833333333334, 0.024959999999999725, 0.002263333333333339, 0.015009999999999742, 0.004426666666666724, 0.027953333333333094, 0.01461999999999989, 0.006240000000000034, 0.02041333333333326, 0.0342466666666667, 0.0024033333333333406, 0.012150000000000015, 0.011956666666666596]

Mean Flipping Prob	0.01727
Mean Zipf Distance	0.03006
