Files already downloaded and verified
Files already downloaded and verified
This file is for cnvnxt_npt with AdamW , cosine_annealing_lrs and 0.001
Beginning training from epoch: 1
Train Loss 0.236
Train Loss 2.173
Train Loss 2.040
Train Loss 1.996
Train Loss 1.950
Train Loss 1.877
Train Loss 1.830
Train Loss 1.789
Epoch   1 | Time    68 | Train Loss 1.7581 | Test Loss 0.002 | Test Error 56.54
Train Loss 0.183
Train Loss 1.715
Train Loss 1.745
Train Loss 1.692
Train Loss 1.695
Train Loss 1.663
Train Loss 1.620
Train Loss 1.615
Epoch   2 | Time    67 | Train Loss 1.6511 | Test Loss 0.001 | Test Error 48.93
Train Loss 0.161
Train Loss 1.592
Train Loss 1.568
Train Loss 1.579
Train Loss 1.561
Train Loss 1.570
Train Loss 1.569
Train Loss 1.514
Epoch   3 | Time    67 | Train Loss 1.5189 | Test Loss 0.001 | Test Error 47.27
Train Loss 0.145
Train Loss 1.492
Train Loss 1.517
Train Loss 1.482
Train Loss 1.473
Train Loss 1.506
Train Loss 1.485
Train Loss 1.462
Epoch   4 | Time    68 | Train Loss 1.4487 | Test Loss 0.001 | Test Error 44.14
Train Loss 0.150
Train Loss 1.424
Train Loss 1.432
Train Loss 1.426
Train Loss 1.422
Train Loss 1.437
Train Loss 1.399
Train Loss 1.397
Epoch   5 | Time    68 | Train Loss 1.4094 | Test Loss 0.001 | Test Error 40.91
Train Loss 0.140
Train Loss 1.419
Train Loss 1.318
Train Loss 1.393
Train Loss 1.333
Train Loss 1.371
Train Loss 1.376
Train Loss 1.344
Epoch   6 | Time    66 | Train Loss 1.3628 | Test Loss 0.001 | Test Error 39.65
Train Loss 0.124
Train Loss 1.333
Train Loss 1.291
Train Loss 1.274
Train Loss 1.294
Train Loss 1.321
Train Loss 1.282
Train Loss 1.273
Epoch   7 | Time    66 | Train Loss 1.2878 | Test Loss 0.001 | Test Error 37.37
Train Loss 0.129
Train Loss 1.272
Train Loss 1.286
Train Loss 1.234
Train Loss 1.258
Train Loss 1.268
Train Loss 1.226
Train Loss 1.274
Epoch   8 | Time    66 | Train Loss 1.2424 | Test Loss 0.001 | Test Error 35.26
Train Loss 0.130
Train Loss 1.177
Train Loss 1.250
Train Loss 1.216
Train Loss 1.242
Train Loss 1.156
Train Loss 1.199
Train Loss 1.192
Epoch   9 | Time    67 | Train Loss 1.2057 | Test Loss 0.001 | Test Error 33.62
Train Loss 0.117
Train Loss 1.172
Train Loss 1.176
Train Loss 1.187
Train Loss 1.156
Train Loss 1.181
Train Loss 1.161
Train Loss 1.130
Epoch  10 | Time    66 | Train Loss 1.2021 | Test Loss 0.001 | Test Error 32.85
Train Loss 0.140
Train Loss 1.106
Train Loss 1.144
Train Loss 1.139
Train Loss 1.142
Train Loss 1.115
Train Loss 1.120
Train Loss 1.132
Epoch  11 | Time    66 | Train Loss 1.1097 | Test Loss 0.001 | Test Error 32.28
Train Loss 0.118
Train Loss 1.108
Train Loss 1.118
Train Loss 1.083
Train Loss 1.109
Train Loss 1.088
Train Loss 1.050
Train Loss 1.096
Epoch  12 | Time    68 | Train Loss 1.0659 | Test Loss 0.001 | Test Error 30.47
Train Loss 0.094
Train Loss 1.016
Train Loss 1.007
Train Loss 1.072
Train Loss 1.085
Train Loss 1.050
Train Loss 1.026
Train Loss 1.036
Epoch  13 | Time    66 | Train Loss 1.0721 | Test Loss 0.001 | Test Error 29.04
Train Loss 0.100
Train Loss 0.975
Train Loss 1.010
Train Loss 1.020
Train Loss 1.001
Train Loss 1.019
Train Loss 1.039
Train Loss 1.015
Epoch  14 | Time    67 | Train Loss 1.0742 | Test Loss 0.001 | Test Error 28.79
Train Loss 0.103
Train Loss 0.990
Train Loss 0.981
Train Loss 0.951
Train Loss 0.997
Train Loss 0.974
Train Loss 0.998
Train Loss 0.982
Epoch  15 | Time    68 | Train Loss 1.0114 | Test Loss 0.001 | Test Error 27.32
Train Loss 0.098
Train Loss 0.976
Train Loss 0.960
Train Loss 0.978
Train Loss 0.977
Train Loss 0.920
Train Loss 0.968
Train Loss 0.993
Epoch  16 | Time    66 | Train Loss 0.9263 | Test Loss 0.001 | Test Error 27.40
Train Loss 0.074
Train Loss 0.943
Train Loss 0.924
Train Loss 0.924
Train Loss 0.956
Train Loss 0.925
Train Loss 0.935
Train Loss 0.927
Epoch  17 | Time    67 | Train Loss 0.9639 | Test Loss 0.001 | Test Error 26.13
Train Loss 0.084
Train Loss 0.921
Train Loss 0.912
Train Loss 0.889
Train Loss 0.884
Train Loss 0.902
Train Loss 0.902
Train Loss 0.870
Epoch  18 | Time    66 | Train Loss 0.9018 | Test Loss 0.001 | Test Error 25.35
Train Loss 0.087
Train Loss 0.849
Train Loss 0.860
Train Loss 0.863
Train Loss 0.899
Train Loss 0.860
Train Loss 0.912
Train Loss 0.870
Epoch  19 | Time    66 | Train Loss 0.8791 | Test Loss 0.001 | Test Error 24.70
Train Loss 0.089
Train Loss 0.869
Train Loss 0.832
Train Loss 0.843
Train Loss 0.848
Train Loss 0.839
Train Loss 0.834
Train Loss 0.822
Epoch  20 | Time    66 | Train Loss 0.8469 | Test Loss 0.001 | Test Error 24.11
Train Loss 0.079
Train Loss 0.798
Train Loss 0.828
Train Loss 0.826
Train Loss 0.837
Train Loss 0.792
Train Loss 0.793
Train Loss 0.831
Epoch  21 | Time    66 | Train Loss 0.8187 | Test Loss 0.001 | Test Error 23.78
Train Loss 0.073
Train Loss 0.790
Train Loss 0.758
Train Loss 0.824
Train Loss 0.823
Train Loss 0.806
Train Loss 0.818
Train Loss 0.798
Epoch  22 | Time    66 | Train Loss 0.8395 | Test Loss 0.001 | Test Error 23.46
Train Loss 0.064
Train Loss 0.732
Train Loss 0.769
Train Loss 0.736
Train Loss 0.752
Train Loss 0.769
Train Loss 0.771
Train Loss 0.757
Epoch  23 | Time    66 | Train Loss 0.7862 | Test Loss 0.001 | Test Error 22.82
Train Loss 0.073
Train Loss 0.720
Train Loss 0.722
Train Loss 0.702
Train Loss 0.754
Train Loss 0.769
Train Loss 0.723
Train Loss 0.730
Epoch  24 | Time    68 | Train Loss 0.7479 | Test Loss 0.001 | Test Error 22.32
Train Loss 0.076
Train Loss 0.700
Train Loss 0.725
Train Loss 0.718
Train Loss 0.741
Train Loss 0.706
Train Loss 0.716
Train Loss 0.716
Epoch  25 | Time    65 | Train Loss 0.7322 | Test Loss 0.001 | Test Error 23.12
Train Loss 0.062
Train Loss 0.654
Train Loss 0.734
Train Loss 0.705
Train Loss 0.687
Train Loss 0.698
Train Loss 0.695
Train Loss 0.737
Epoch  26 | Time    67 | Train Loss 0.7322 | Test Loss 0.001 | Test Error 22.64
Train Loss 0.069
Train Loss 0.647
Train Loss 0.665
Train Loss 0.687
Train Loss 0.680
Train Loss 0.672
Train Loss 0.687
Train Loss 0.696
Epoch  27 | Time    68 | Train Loss 0.6824 | Test Loss 0.001 | Test Error 22.18
Train Loss 0.047
Train Loss 0.645
Train Loss 0.653
Train Loss 0.683
Train Loss 0.634
Train Loss 0.678
Train Loss 0.678
Train Loss 0.643
Epoch  28 | Time    68 | Train Loss 0.6625 | Test Loss 0.001 | Test Error 21.98
Train Loss 0.056
Train Loss 0.623
Train Loss 0.600
Train Loss 0.618
Train Loss 0.644
Train Loss 0.670
Train Loss 0.628
Train Loss 0.659
Epoch  29 | Time    66 | Train Loss 0.6477 | Test Loss 0.001 | Test Error 22.30
Train Loss 0.059
Train Loss 0.601
Train Loss 0.595
Train Loss 0.611
Train Loss 0.600
Train Loss 0.632
Train Loss 0.595
Train Loss 0.626
Epoch  30 | Time    66 | Train Loss 0.6452 | Test Loss 0.001 | Test Error 22.04
Train Loss 0.063
Train Loss 0.587
Train Loss 0.589
Train Loss 0.613
Train Loss 0.614
Train Loss 0.641
Train Loss 0.611
Train Loss 0.633
Epoch  31 | Time    65 | Train Loss 0.6024 | Test Loss 0.001 | Test Error 20.87
Train Loss 0.061
Train Loss 0.625
Train Loss 0.587
Train Loss 0.565
Train Loss 0.620
Train Loss 0.610
Train Loss 0.596
Train Loss 0.599
Epoch  32 | Time    67 | Train Loss 0.6023 | Test Loss 0.001 | Test Error 20.79
Train Loss 0.054
Train Loss 0.542
Train Loss 0.573
Train Loss 0.552
Train Loss 0.577
Train Loss 0.598
Train Loss 0.576
Train Loss 0.579
Epoch  33 | Time    66 | Train Loss 0.5857 | Test Loss 0.001 | Test Error 21.29
Train Loss 0.047
Train Loss 0.511
Train Loss 0.581
Train Loss 0.563
Train Loss 0.534
Train Loss 0.564
Train Loss 0.554
Train Loss 0.564
Epoch  34 | Time    66 | Train Loss 0.5741 | Test Loss 0.001 | Test Error 21.18
Train Loss 0.063
Train Loss 0.547
Train Loss 0.550
Train Loss 0.543
Train Loss 0.532
Train Loss 0.537
Train Loss 0.524
Train Loss 0.555
Epoch  35 | Time    66 | Train Loss 0.5291 | Test Loss 0.001 | Test Error 21.09
Train Loss 0.067
Train Loss 0.518
Train Loss 0.517
Train Loss 0.554
Train Loss 0.515
Train Loss 0.561
Train Loss 0.576
Train Loss 0.536
Epoch  36 | Time    66 | Train Loss 0.5002 | Test Loss 0.001 | Test Error 20.90
Train Loss 0.036
Train Loss 0.518
Train Loss 0.532
Train Loss 0.527
Train Loss 0.501
Train Loss 0.514
Train Loss 0.497
Train Loss 0.558
Epoch  37 | Time    66 | Train Loss 0.5416 | Test Loss 0.001 | Test Error 20.80
Train Loss 0.049
Train Loss 0.492
Train Loss 0.503
Train Loss 0.517
Train Loss 0.475
Train Loss 0.478
Train Loss 0.486
Train Loss 0.513
Epoch  38 | Time    66 | Train Loss 0.5092 | Test Loss 0.001 | Test Error 21.26
Train Loss 0.048
Train Loss 0.495
Train Loss 0.476
Train Loss 0.479
Train Loss 0.494
Train Loss 0.472
Train Loss 0.529
Train Loss 0.482
Epoch  39 | Time    66 | Train Loss 0.5117 | Test Loss 0.001 | Test Error 20.81
Train Loss 0.048
Train Loss 0.462
Train Loss 0.444
Train Loss 0.487
Train Loss 0.460
Train Loss 0.488
Train Loss 0.479
Train Loss 0.493
Epoch  40 | Time    67 | Train Loss 0.4840 | Test Loss 0.001 | Test Error 20.64
Train Loss 0.041
Train Loss 0.448
Train Loss 0.468
Train Loss 0.444
Train Loss 0.475
Train Loss 0.472
Train Loss 0.487
Train Loss 0.472
Epoch  41 | Time    67 | Train Loss 0.4912 | Test Loss 0.001 | Test Error 20.45
Train Loss 0.040
Train Loss 0.444
Train Loss 0.444
Train Loss 0.435
Train Loss 0.449
Train Loss 0.464
Train Loss 0.434
Train Loss 0.511
Epoch  42 | Time    65 | Train Loss 0.4556 | Test Loss 0.001 | Test Error 20.95
Train Loss 0.033
Train Loss 0.436
Train Loss 0.436
Train Loss 0.462
Train Loss 0.462
Train Loss 0.460
Train Loss 0.446
Train Loss 0.455
Epoch  43 | Time    66 | Train Loss 0.4586 | Test Loss 0.001 | Test Error 20.60
Train Loss 0.035
Train Loss 0.395
Train Loss 0.466
Train Loss 0.444
Train Loss 0.458
Train Loss 0.440
Train Loss 0.447
Train Loss 0.462
Epoch  44 | Time    66 | Train Loss 0.4466 | Test Loss 0.001 | Test Error 20.57
Train Loss 0.045
Train Loss 0.427
Train Loss 0.441
Train Loss 0.434
Train Loss 0.431
Train Loss 0.431
Train Loss 0.400
Train Loss 0.426
Epoch  45 | Time    67 | Train Loss 0.3892 | Test Loss 0.001 | Test Error 20.67
Train Loss 0.048
Train Loss 0.400
Train Loss 0.405
Train Loss 0.423
Train Loss 0.397
Train Loss 0.413
Train Loss 0.421
Train Loss 0.421
Epoch  46 | Time    66 | Train Loss 0.4185 | Test Loss 0.001 | Test Error 20.18
Train Loss 0.038
Train Loss 0.379
Train Loss 0.425
Train Loss 0.432
Train Loss 0.397
Train Loss 0.384
Train Loss 0.431
Train Loss 0.351
Epoch  47 | Time    65 | Train Loss 0.3595 | Test Loss 0.001 | Test Error 20.35
Train Loss 0.035
Train Loss 0.386
Train Loss 0.380
Train Loss 0.410
Train Loss 0.395
Train Loss 0.391
Train Loss 0.389
Train Loss 0.397
Epoch  48 | Time    67 | Train Loss 0.4039 | Test Loss 0.001 | Test Error 19.95
Train Loss 0.030
Train Loss 0.379
Train Loss 0.373
Train Loss 0.394
Train Loss 0.396
Train Loss 0.391
Train Loss 0.361
Train Loss 0.402
Epoch  49 | Time    65 | Train Loss 0.3931 | Test Loss 0.001 | Test Error 20.58
Train Loss 0.051
Train Loss 0.375
Train Loss 0.396
Train Loss 0.354
Train Loss 0.359
Train Loss 0.373
Train Loss 0.369
Train Loss 0.389
Epoch  50 | Time    66 | Train Loss 0.3793 | Test Loss 0.001 | Test Error 20.12
Train Loss 0.031
Train Loss 0.389
Train Loss 0.351
Train Loss 0.394
Train Loss 0.360
Train Loss 0.345
Train Loss 0.373
Train Loss 0.398
Epoch  51 | Time    67 | Train Loss 0.3739 | Test Loss 0.001 | Test Error 20.47
Train Loss 0.041
Train Loss 0.317
Train Loss 0.375
Train Loss 0.344
Train Loss 0.367
Train Loss 0.371
Train Loss 0.343
Train Loss 0.325
Epoch  52 | Time    67 | Train Loss 0.3792 | Test Loss 0.001 | Test Error 20.07
Train Loss 0.028
Train Loss 0.311
Train Loss 0.367
Train Loss 0.360
Train Loss 0.338
Train Loss 0.389
Train Loss 0.371
Train Loss 0.322
Epoch  53 | Time    66 | Train Loss 0.3606 | Test Loss 0.001 | Test Error 19.76
Train Loss 0.025
Train Loss 0.347
Train Loss 0.337
Train Loss 0.317
Train Loss 0.355
Train Loss 0.336
Train Loss 0.332
Train Loss 0.345
Epoch  54 | Time    66 | Train Loss 0.3484 | Test Loss 0.001 | Test Error 20.17
Train Loss 0.023
Train Loss 0.336
Train Loss 0.342
Train Loss 0.308
Train Loss 0.327
Train Loss 0.332
Train Loss 0.377
Train Loss 0.342
Epoch  55 | Time    65 | Train Loss 0.3401 | Test Loss 0.001 | Test Error 19.80
Train Loss 0.020
Train Loss 0.318
Train Loss 0.338
Train Loss 0.337
Train Loss 0.363
Train Loss 0.339
Train Loss 0.331
Train Loss 0.335
Epoch  56 | Time    67 | Train Loss 0.3247 | Test Loss 0.001 | Test Error 19.87
Train Loss 0.028
Train Loss 0.331
Train Loss 0.336
Train Loss 0.282
Train Loss 0.313
Train Loss 0.325
Train Loss 0.307
Train Loss 0.296
Epoch  57 | Time    64 | Train Loss 0.3264 | Test Loss 0.001 | Test Error 19.97
Train Loss 0.041
Train Loss 0.298
Train Loss 0.322
Train Loss 0.297
Train Loss 0.328
Train Loss 0.286
Train Loss 0.313
Train Loss 0.291
Epoch  58 | Time    66 | Train Loss 0.3202 | Test Loss 0.001 | Test Error 19.75
Train Loss 0.031
Train Loss 0.298
Train Loss 0.274
Train Loss 0.296
Train Loss 0.291
Train Loss 0.295
Train Loss 0.286
Train Loss 0.299
Epoch  59 | Time    66 | Train Loss 0.2983 | Test Loss 0.001 | Test Error 19.43
Train Loss 0.018
Train Loss 0.287
Train Loss 0.280
Train Loss 0.295
Train Loss 0.301
Train Loss 0.285
Train Loss 0.297
Train Loss 0.264
Epoch  60 | Time    66 | Train Loss 0.3287 | Test Loss 0.001 | Test Error 19.56
Train Loss 0.029
Train Loss 0.256
Train Loss 0.288
Train Loss 0.278
Train Loss 0.309
Train Loss 0.280
Train Loss 0.293
Train Loss 0.255
Epoch  61 | Time    65 | Train Loss 0.2891 | Test Loss 0.001 | Test Error 19.89
Train Loss 0.029
Train Loss 0.263
Train Loss 0.283
Train Loss 0.299
Train Loss 0.280
Train Loss 0.280
Train Loss 0.271
Train Loss 0.275
Epoch  62 | Time    66 | Train Loss 0.3104 | Test Loss 0.001 | Test Error 19.47
Train Loss 0.031
Train Loss 0.288
Train Loss 0.287
Train Loss 0.268
Train Loss 0.287
Train Loss 0.277
Train Loss 0.320
Train Loss 0.286
Epoch  63 | Time    67 | Train Loss 0.2638 | Test Loss 0.001 | Test Error 19.69
Train Loss 0.045
Train Loss 0.256
Train Loss 0.288
Train Loss 0.287
Train Loss 0.299
Train Loss 0.253
Train Loss 0.279
Train Loss 0.285
Epoch  64 | Time    65 | Train Loss 0.2724 | Test Loss 0.001 | Test Error 19.58
Train Loss 0.020
Train Loss 0.243
Train Loss 0.253
Train Loss 0.240
Train Loss 0.243
Train Loss 0.274
Train Loss 0.210
Train Loss 0.250
Epoch  65 | Time    67 | Train Loss 0.3035 | Test Loss 0.001 | Test Error 19.74
Train Loss 0.017
Train Loss 0.246
Train Loss 0.248
Train Loss 0.263
Train Loss 0.259
Train Loss 0.277
Train Loss 0.245
Train Loss 0.242
Epoch  66 | Time    65 | Train Loss 0.2587 | Test Loss 0.001 | Test Error 19.49
Train Loss 0.029
Train Loss 0.258
Train Loss 0.234
Train Loss 0.231
Train Loss 0.256
Train Loss 0.235
Train Loss 0.269
Train Loss 0.249
Epoch  67 | Time    67 | Train Loss 0.2322 | Test Loss 0.001 | Test Error 19.43
Train Loss 0.024
Train Loss 0.248
Train Loss 0.231
Train Loss 0.270
Train Loss 0.231
Train Loss 0.262
Train Loss 0.247
Train Loss 0.235
Epoch  68 | Time    67 | Train Loss 0.2499 | Test Loss 0.001 | Test Error 19.75
Train Loss 0.018
Train Loss 0.208
Train Loss 0.254
Train Loss 0.213
Train Loss 0.236
Train Loss 0.237
Train Loss 0.229
Train Loss 0.197
Epoch  69 | Time    66 | Train Loss 0.2256 | Test Loss 0.001 | Test Error 19.01
Train Loss 0.028
Train Loss 0.228
Train Loss 0.257
Train Loss 0.223
Train Loss 0.231
Train Loss 0.233
Train Loss 0.226
Train Loss 0.220
Epoch  70 | Time    66 | Train Loss 0.2812 | Test Loss 0.001 | Test Error 19.41
Train Loss 0.024
Train Loss 0.215
Train Loss 0.240
Train Loss 0.247
Train Loss 0.229
Train Loss 0.225
Train Loss 0.202
Train Loss 0.196
Epoch  71 | Time    66 | Train Loss 0.2111 | Test Loss 0.001 | Test Error 19.33
Train Loss 0.019
Train Loss 0.218
Train Loss 0.205
Train Loss 0.251
Train Loss 0.247
Train Loss 0.214
Train Loss 0.244
Train Loss 0.194
Epoch  72 | Time    66 | Train Loss 0.2548 | Test Loss 0.001 | Test Error 19.64
Train Loss 0.013
Train Loss 0.193
Train Loss 0.207
Train Loss 0.188
Train Loss 0.209
Train Loss 0.202
Train Loss 0.191
Train Loss 0.232
Epoch  73 | Time    68 | Train Loss 0.2172 | Test Loss 0.001 | Test Error 18.92
Train Loss 0.018
Train Loss 0.178
Train Loss 0.222
Train Loss 0.242
Train Loss 0.190
Train Loss 0.216
Train Loss 0.194
Train Loss 0.191
Epoch  74 | Time    67 | Train Loss 0.1895 | Test Loss 0.001 | Test Error 18.85
Train Loss 0.031
Train Loss 0.222
Train Loss 0.181
Train Loss 0.188
Train Loss 0.203
Train Loss 0.203
Train Loss 0.231
Train Loss 0.226
Epoch  75 | Time    67 | Train Loss 0.2030 | Test Loss 0.001 | Test Error 18.89
Train Loss 0.017
Train Loss 0.166
Train Loss 0.171
Train Loss 0.198
Train Loss 0.208
Train Loss 0.160
Train Loss 0.196
Train Loss 0.244
Epoch  76 | Time    66 | Train Loss 0.1845 | Test Loss 0.001 | Test Error 19.18
Train Loss 0.019
Train Loss 0.193
Train Loss 0.220
Train Loss 0.177
Train Loss 0.183
Train Loss 0.173
Train Loss 0.186
Train Loss 0.187
Epoch  77 | Time    66 | Train Loss 0.1987 | Test Loss 0.001 | Test Error 19.17
Train Loss 0.016
Train Loss 0.183
Train Loss 0.151
Train Loss 0.179
Train Loss 0.196
Train Loss 0.162
Train Loss 0.163
Train Loss 0.179
Epoch  78 | Time    66 | Train Loss 0.2073 | Test Loss 0.001 | Test Error 19.13
Train Loss 0.008
Train Loss 0.184
Train Loss 0.174
Train Loss 0.166
Train Loss 0.167
Train Loss 0.166
Train Loss 0.158
Train Loss 0.185
Epoch  79 | Time    66 | Train Loss 0.1636 | Test Loss 0.001 | Test Error 18.79
Train Loss 0.020
Train Loss 0.168
Train Loss 0.174
Train Loss 0.165
Train Loss 0.152
Train Loss 0.165
Train Loss 0.176
Train Loss 0.152
Epoch  80 | Time    65 | Train Loss 0.1498 | Test Loss 0.001 | Test Error 19.03
Train Loss 0.024
Train Loss 0.167
Train Loss 0.137
Train Loss 0.161
Train Loss 0.181
Train Loss 0.175
Train Loss 0.159
Train Loss 0.173
Epoch  81 | Time    66 | Train Loss 0.2036 | Test Loss 0.001 | Test Error 18.95
Train Loss 0.010
Train Loss 0.164
Train Loss 0.150
Train Loss 0.169
Train Loss 0.155
Train Loss 0.151
Train Loss 0.154
Train Loss 0.180
Epoch  82 | Time    66 | Train Loss 0.1677 | Test Loss 0.001 | Test Error 18.94
Train Loss 0.009
Train Loss 0.206
Train Loss 0.165
Train Loss 0.180
Train Loss 0.174
Train Loss 0.166
Train Loss 0.172
Train Loss 0.151
Epoch  83 | Time    66 | Train Loss 0.1637 | Test Loss 0.001 | Test Error 19.02
Train Loss 0.019
Train Loss 0.176
Train Loss 0.171
Train Loss 0.160
Train Loss 0.163
Train Loss 0.149
Train Loss 0.134
Train Loss 0.131
Epoch  84 | Time    67 | Train Loss 0.1436 | Test Loss 0.001 | Test Error 18.87
Train Loss 0.020
Train Loss 0.166
Train Loss 0.169
Train Loss 0.141
Train Loss 0.179
Train Loss 0.156
Train Loss 0.163
Train Loss 0.116
Epoch  85 | Time    66 | Train Loss 0.1760 | Test Loss 0.001 | Test Error 18.84
Train Loss 0.022
Train Loss 0.196
Train Loss 0.158
Train Loss 0.167
Train Loss 0.168
Train Loss 0.149
Train Loss 0.130
Train Loss 0.177
Epoch  86 | Time    66 | Train Loss 0.1334 | Test Loss 0.001 | Test Error 18.86
Train Loss 0.024
Train Loss 0.159
Train Loss 0.195
Train Loss 0.107
Train Loss 0.155
Train Loss 0.145
Train Loss 0.159
Train Loss 0.114
Epoch  87 | Time    66 | Train Loss 0.1532 | Test Loss 0.001 | Test Error 19.08
Train Loss 0.004
Train Loss 0.155
Train Loss 0.150
Train Loss 0.182
Train Loss 0.134
Train Loss 0.116
Train Loss 0.171
Train Loss 0.152
Epoch  88 | Time    66 | Train Loss 0.1748 | Test Loss 0.001 | Test Error 19.03
Train Loss 0.018
Train Loss 0.158
Train Loss 0.166
Train Loss 0.137
Train Loss 0.156
Train Loss 0.148
Train Loss 0.181
Train Loss 0.151
Epoch  89 | Time    66 | Train Loss 0.1353 | Test Loss 0.001 | Test Error 18.84
Train Loss 0.022
Train Loss 0.132
Train Loss 0.150
Train Loss 0.107
Train Loss 0.154
Train Loss 0.148
Train Loss 0.179
Train Loss 0.140
Epoch  90 | Time    66 | Train Loss 0.1376 | Test Loss 0.001 | Test Error 19.08
Train Loss 0.021
Train Loss 0.123
Train Loss 0.154
Train Loss 0.142
Train Loss 0.145
Train Loss 0.126
Train Loss 0.139
Train Loss 0.153
Epoch  91 | Time    66 | Train Loss 0.1570 | Test Loss 0.001 | Test Error 18.91
Train Loss 0.006
Train Loss 0.143
Train Loss 0.155
Train Loss 0.129
Train Loss 0.147
Train Loss 0.164
Train Loss 0.123
Train Loss 0.155
Epoch  92 | Time    67 | Train Loss 0.1192 | Test Loss 0.001 | Test Error 19.01
Train Loss 0.009
Train Loss 0.114
Train Loss 0.143
Train Loss 0.146
Train Loss 0.146
Train Loss 0.148
Train Loss 0.152
Train Loss 0.117
Epoch  93 | Time    65 | Train Loss 0.1113 | Test Loss 0.001 | Test Error 19.05
Train Loss 0.024
Train Loss 0.120
Train Loss 0.146
Train Loss 0.146
Train Loss 0.132
Train Loss 0.154
Train Loss 0.146
Train Loss 0.139
Epoch  94 | Time    67 | Train Loss 0.1468 | Test Loss 0.001 | Test Error 18.93
Train Loss 0.021
Train Loss 0.150
Train Loss 0.159
Train Loss 0.143
Train Loss 0.140
Train Loss 0.133
Train Loss 0.121
Train Loss 0.160
Epoch  95 | Time    66 | Train Loss 0.1072 | Test Loss 0.001 | Test Error 18.92
Train Loss 0.003
Train Loss 0.137
Train Loss 0.124
Train Loss 0.155
Train Loss 0.129
Train Loss 0.127
Train Loss 0.132
Train Loss 0.144
Epoch  96 | Time    65 | Train Loss 0.1295 | Test Loss 0.001 | Test Error 18.95
Train Loss 0.026
Train Loss 0.129
Train Loss 0.151
Train Loss 0.146
Train Loss 0.125
Train Loss 0.150
Train Loss 0.128
Train Loss 0.138
Epoch  97 | Time    66 | Train Loss 0.1563 | Test Loss 0.001 | Test Error 19.00
Train Loss 0.022
Train Loss 0.128
Train Loss 0.132
Train Loss 0.146
Train Loss 0.156
Train Loss 0.133
Train Loss 0.110
Train Loss 0.109
Epoch  98 | Time    66 | Train Loss 0.1038 | Test Loss 0.001 | Test Error 19.03
Train Loss 0.002
Train Loss 0.150
Train Loss 0.195
Train Loss 0.162
Train Loss 0.125
Train Loss 0.138
Train Loss 0.158
Train Loss 0.147
Epoch  99 | Time    66 | Train Loss 0.1450 | Test Loss 0.001 | Test Error 19.01
Train Loss 0.003
Train Loss 0.156
Train Loss 0.136
Train Loss 0.130
Train Loss 0.146
Train Loss 0.152
Train Loss 0.156
Train Loss 0.175
Epoch 100 | Time    66 | Train Loss 0.1755 | Test Loss 0.001 | Test Error 19.01
gaussian_noise
	Test Loss 0.001 | Test Error 22.970
shot_noise
	Test Loss 0.001 | Test Error 21.508
impulse_noise
	Test Loss 0.002 | Test Error 26.074
defocus_blur
	Test Loss 0.001 | Test Error 20.210
glass_blur
	Test Loss 0.001 | Test Error 23.722
motion_blur
	Test Loss 0.001 | Test Error 22.956
zoom_blur
	Test Loss 0.001 | Test Error 21.636
snow
	Test Loss 0.001 | Test Error 25.630
frost
	Test Loss 0.001 | Test Error 26.790
fog
	Test Loss 0.002 | Test Error 30.942
brightness
	Test Loss 0.001 | Test Error 22.122
contrast
	Test Loss 0.002 | Test Error 36.066
elastic_transform
	Test Loss 0.001 | Test Error 22.884
pixelate
	Test Loss 0.001 | Test Error 19.910
jpeg_compression
	Test Loss 0.001 | Test Error 20.550
Mean Corruption Error: 24.265
Error 46.48

Computing Metrics for gaussian_noise

gaussian_noise Flipping Prob
0.02612999999999998
Top5 Distance	0.58010
Zipf Distance	0.03578

Computing Metrics for shot_noise

shot_noise Flipping Prob
0.03282333333333339
Top5 Distance	0.70886
Zipf Distance	0.04439

Computing Metrics for motion_blur

motion_blur Flipping Prob
0.03635000000000049
Top5 Distance	0.71100
Zipf Distance	0.04722

Computing Metrics for zoom_blur

zoom_blur Flipping Prob
0.003156666666666692
Top5 Distance	0.07345
Zipf Distance	0.00438

Computing Metrics for spatter

spatter Flipping Prob
0.027706666666666595
Top5 Distance	0.50100
Zipf Distance	0.03546

Computing Metrics for brightness

brightness Flipping Prob
0.014906666666666183
Top5 Distance	0.29874
Zipf Distance	0.01943

Computing Metrics for translate

translate Flipping Prob
0.08290000000000218
Top5 Distance	1.53843
Zipf Distance	0.10647

Computing Metrics for rotate

rotate Flipping Prob
0.032100000000000135
Top5 Distance	0.67614
Zipf Distance	0.04288

Computing Metrics for tilt

tilt Flipping Prob
0.013266666666666382
Top5 Distance	0.27582
Zipf Distance	0.01754

Computing Metrics for scale

scale Flipping Prob
0.0745433333333344
Top5 Distance	1.20052
Zipf Distance	0.09115

Computing Metrics for speckle_noise

speckle_noise Flipping Prob
0.030326666666666703
Top5 Distance	0.66461
Zipf Distance	0.04121

Computing Metrics for gaussian_blur

gaussian_blur Flipping Prob
0.003223333333333368
Top5 Distance	0.07409
Zipf Distance	0.00444

Computing Metrics for snow

snow Flipping Prob
0.015129999999999973
Top5 Distance	0.28323
Zipf Distance	0.01906

Computing Metrics for shear

shear Flipping Prob
0.026143333333333307
Top5 Distance	0.53956
Zipf Distance	0.03464
[0.02612999999999998, 0.03282333333333339, 0.03635000000000049, 0.003156666666666692, 0.027706666666666595, 0.014906666666666183, 0.08290000000000218, 0.032100000000000135, 0.013266666666666382, 0.0745433333333344, 0.030326666666666703, 0.003223333333333368, 0.015129999999999973, 0.026143333333333307]

Mean Flipping Prob	0.02991
Mean Zipf Distance	0.03886
