/home/g054545/.conda/envs/aaa/lib/python3.9/site-packages/torch/utils/data/dataloader.py:561: UserWarning: This DataLoader will create 4 worker processes in total. Our suggested max number of worker in current system is 2, which is smaller than what this DataLoader is going to create. Please be aware that excessive worker creation might get DataLoader running slow or even freeze, lower the worker number to avoid potential slowness/freeze if necessary.
  warnings.warn(_create_warning_msg(
/home/g054545/.conda/envs/aaa/lib/python3.9/site-packages/torchvision/models/_utils.py:208: UserWarning: The parameter 'pretrained' is deprecated since 0.13 and may be removed in the future, please use 'weights' instead.
  warnings.warn(
/home/g054545/.conda/envs/aaa/lib/python3.9/site-packages/torchvision/models/_utils.py:223: UserWarning: Arguments other than a weight enum or `None` for 'weights' are deprecated since 0.13 and may be removed in the future. The current behavior is equivalent to passing `weights=ResNet18_Weights.IMAGENET1K_V1`. You can also use `weights=ResNet18_Weights.DEFAULT` to get the most up-to-date weights.
  warnings.warn(msg)
Files already downloaded and verified
Files already downloaded and verified
This file is for res18_pt
Beginning training from epoch: 1
Train Loss 0.314
Train Loss 1.725
Train Loss 1.460
Train Loss 1.302
Train Loss 1.262
Train Loss 1.188
Train Loss 1.118
Train Loss 1.119
Epoch   1 | Time    97 | Train Loss 1.1080 | Test Loss 0.001 | Test Error 26.66
Train Loss 0.101
Train Loss 1.058
Train Loss 1.052
Train Loss 0.974
Train Loss 1.040
Train Loss 1.011
Train Loss 0.976
Train Loss 1.012
Epoch   2 | Time    91 | Train Loss 0.9753 | Test Loss 0.001 | Test Error 21.55
Train Loss 0.097
Train Loss 0.954
Train Loss 0.952
Train Loss 0.929
Train Loss 0.882
Train Loss 0.921
Train Loss 0.873
Train Loss 0.905
Epoch   3 | Time    91 | Train Loss 0.8926 | Test Loss 0.001 | Test Error 21.75
Train Loss 0.102
Train Loss 0.898
Train Loss 0.909
Train Loss 0.893
Train Loss 0.861
Train Loss 0.836
Train Loss 0.877
Train Loss 0.883
Epoch   4 | Time    92 | Train Loss 0.8694 | Test Loss 0.001 | Test Error 19.60
Train Loss 0.093
Train Loss 0.830
Train Loss 0.835
Train Loss 0.841
Train Loss 0.788
Train Loss 0.821
Train Loss 0.825
Train Loss 0.824
Epoch   5 | Time    92 | Train Loss 0.8095 | Test Loss 0.001 | Test Error 19.46
Train Loss 0.069
Train Loss 0.791
Train Loss 0.786
Train Loss 0.800
Train Loss 0.841
Train Loss 0.812
Train Loss 0.799
Train Loss 0.785
Epoch   6 | Time    92 | Train Loss 0.8000 | Test Loss 0.001 | Test Error 18.24
Train Loss 0.062
Train Loss 0.759
Train Loss 0.780
Train Loss 0.790
Train Loss 0.791
Train Loss 0.779
Train Loss 0.729
Train Loss 0.780
Epoch   7 | Time    92 | Train Loss 0.7544 | Test Loss 0.001 | Test Error 18.07
Train Loss 0.072
Train Loss 0.758
Train Loss 0.739
Train Loss 0.757
Train Loss 0.730
Train Loss 0.771
Train Loss 0.731
Train Loss 0.767
Epoch   8 | Time    92 | Train Loss 0.7709 | Test Loss 0.001 | Test Error 18.08
Train Loss 0.071
Train Loss 0.720
Train Loss 0.722
Train Loss 0.732
Train Loss 0.738
Train Loss 0.752
Train Loss 0.708
Train Loss 0.782
Epoch   9 | Time    93 | Train Loss 0.7123 | Test Loss 0.001 | Test Error 16.80
Train Loss 0.076
Train Loss 0.721
Train Loss 0.734
Train Loss 0.717
Train Loss 0.707
Train Loss 0.750
Train Loss 0.729
Train Loss 0.728
Epoch  10 | Time    91 | Train Loss 0.7241 | Test Loss 0.001 | Test Error 17.70
Train Loss 0.070
Train Loss 0.697
Train Loss 0.691
Train Loss 0.720
Train Loss 0.701
Train Loss 0.755
Train Loss 0.737
Train Loss 0.689
Epoch  11 | Time    92 | Train Loss 0.7141 | Test Loss 0.001 | Test Error 17.13
Train Loss 0.063
Train Loss 0.715
Train Loss 0.694
Train Loss 0.673
Train Loss 0.708
Train Loss 0.669
Train Loss 0.742
Train Loss 0.687
Epoch  12 | Time    91 | Train Loss 0.7069 | Test Loss 0.001 | Test Error 16.80
Train Loss 0.074
Train Loss 0.654
Train Loss 0.694
Train Loss 0.689
Train Loss 0.678
Train Loss 0.695
Train Loss 0.728
Train Loss 0.707
Epoch  13 | Time    92 | Train Loss 0.7034 | Test Loss 0.000 | Test Error 16.71
Train Loss 0.055
Train Loss 0.676
Train Loss 0.665
Train Loss 0.699
Train Loss 0.653
Train Loss 0.686
Train Loss 0.634
Train Loss 0.722
Epoch  14 | Time    91 | Train Loss 0.6680 | Test Loss 0.000 | Test Error 15.76
Train Loss 0.064
Train Loss 0.673
Train Loss 0.684
Train Loss 0.683
Train Loss 0.678
Train Loss 0.655
Train Loss 0.699
Train Loss 0.686
Epoch  15 | Time    91 | Train Loss 0.6586 | Test Loss 0.000 | Test Error 16.54
Train Loss 0.061
Train Loss 0.662
Train Loss 0.659
Train Loss 0.648
Train Loss 0.672
Train Loss 0.676
Train Loss 0.671
Train Loss 0.662
Epoch  16 | Time    91 | Train Loss 0.6537 | Test Loss 0.000 | Test Error 16.14
Train Loss 0.050
Train Loss 0.616
Train Loss 0.635
Train Loss 0.670
Train Loss 0.651
Train Loss 0.645
Train Loss 0.643
Train Loss 0.642
Epoch  17 | Time    92 | Train Loss 0.6470 | Test Loss 0.000 | Test Error 16.01
Train Loss 0.050
Train Loss 0.593
Train Loss 0.647
Train Loss 0.653
Train Loss 0.676
Train Loss 0.656
Train Loss 0.637
Train Loss 0.625
Epoch  18 | Time    91 | Train Loss 0.6858 | Test Loss 0.000 | Test Error 15.99
Train Loss 0.063
Train Loss 0.637
Train Loss 0.624
Train Loss 0.627
Train Loss 0.675
Train Loss 0.646
Train Loss 0.631
Train Loss 0.675
Epoch  19 | Time    91 | Train Loss 0.6357 | Test Loss 0.000 | Test Error 15.62
Train Loss 0.062
Train Loss 0.632
Train Loss 0.627
Train Loss 0.649
Train Loss 0.648
Train Loss 0.647
Train Loss 0.646
Train Loss 0.678
Epoch  20 | Time    92 | Train Loss 0.6377 | Test Loss 0.000 | Test Error 15.45
Train Loss 0.064
Train Loss 0.598
Train Loss 0.611
Train Loss 0.629
Train Loss 0.658
Train Loss 0.632
Train Loss 0.639
Train Loss 0.625
Epoch  21 | Time    91 | Train Loss 0.6402 | Test Loss 0.000 | Test Error 15.07
Train Loss 0.070
Train Loss 0.600
Train Loss 0.601
Train Loss 0.632
Train Loss 0.624
Train Loss 0.615
Train Loss 0.590
Train Loss 0.636
Epoch  22 | Time    92 | Train Loss 0.6185 | Test Loss 0.000 | Test Error 15.51
Train Loss 0.056
Train Loss 0.604
Train Loss 0.603
Train Loss 0.631
Train Loss 0.652
Train Loss 0.635
Train Loss 0.607
Train Loss 0.635
Epoch  23 | Time    91 | Train Loss 0.6245 | Test Loss 0.000 | Test Error 15.48
Train Loss 0.058
Train Loss 0.586
Train Loss 0.629
Train Loss 0.603
Train Loss 0.587
Train Loss 0.580
Train Loss 0.595
Train Loss 0.570
Epoch  24 | Time    92 | Train Loss 0.6207 | Test Loss 0.000 | Test Error 15.56
Train Loss 0.064
Train Loss 0.576
Train Loss 0.610
Train Loss 0.614
Train Loss 0.608
Train Loss 0.601
Train Loss 0.639
Train Loss 0.598
Epoch  25 | Time    91 | Train Loss 0.6047 | Test Loss 0.000 | Test Error 15.43
Train Loss 0.049
Train Loss 0.597
Train Loss 0.579
Train Loss 0.607
Train Loss 0.605
Train Loss 0.623
Train Loss 0.585
Train Loss 0.583
Epoch  26 | Time    92 | Train Loss 0.6065 | Test Loss 0.000 | Test Error 15.29
Train Loss 0.052
Train Loss 0.562
Train Loss 0.577
Train Loss 0.613
Train Loss 0.619
Train Loss 0.615
Train Loss 0.578
Train Loss 0.616
Epoch  27 | Time    91 | Train Loss 0.6195 | Test Loss 0.000 | Test Error 15.38
Train Loss 0.049
Train Loss 0.558
Train Loss 0.592
Train Loss 0.577
Train Loss 0.598
Train Loss 0.593
Train Loss 0.594
Train Loss 0.593
Epoch  28 | Time    91 | Train Loss 0.6231 | Test Loss 0.000 | Test Error 15.00
Train Loss 0.054
Train Loss 0.564
Train Loss 0.566
Train Loss 0.593
Train Loss 0.585
Train Loss 0.587
Train Loss 0.584
Train Loss 0.585
Epoch  29 | Time    91 | Train Loss 0.6188 | Test Loss 0.000 | Test Error 14.65
Train Loss 0.052
Train Loss 0.589
Train Loss 0.584
Train Loss 0.590
Train Loss 0.573
Train Loss 0.562
Train Loss 0.607
Train Loss 0.573
Epoch  30 | Time    91 | Train Loss 0.5869 | Test Loss 0.000 | Test Error 14.23
Train Loss 0.052
Train Loss 0.535
Train Loss 0.600
Train Loss 0.562
Train Loss 0.577
Train Loss 0.586
Train Loss 0.583
Train Loss 0.576
Epoch  31 | Time    91 | Train Loss 0.5838 | Test Loss 0.000 | Test Error 15.90
Train Loss 0.047
Train Loss 0.555
Train Loss 0.574
Train Loss 0.556
Train Loss 0.575
Train Loss 0.561
Train Loss 0.576
Train Loss 0.585
Epoch  32 | Time    91 | Train Loss 0.6041 | Test Loss 0.000 | Test Error 14.66
Train Loss 0.054
Train Loss 0.550
Train Loss 0.583
Train Loss 0.577
Train Loss 0.572
Train Loss 0.549
Train Loss 0.558
Train Loss 0.571
Epoch  33 | Time    91 | Train Loss 0.5940 | Test Loss 0.000 | Test Error 14.88
Train Loss 0.055
Train Loss 0.583
Train Loss 0.548
Train Loss 0.569
Train Loss 0.530
Train Loss 0.556
Train Loss 0.543
Train Loss 0.564
Epoch  34 | Time    91 | Train Loss 0.5669 | Test Loss 0.000 | Test Error 15.63
Train Loss 0.064
Train Loss 0.513
Train Loss 0.528
Train Loss 0.548
Train Loss 0.549
Train Loss 0.565
Train Loss 0.539
Train Loss 0.550
Epoch  35 | Time    91 | Train Loss 0.5853 | Test Loss 0.000 | Test Error 14.68
Train Loss 0.049
Train Loss 0.532
Train Loss 0.549
Train Loss 0.551
Train Loss 0.561
Train Loss 0.541
Train Loss 0.575
Train Loss 0.547
Epoch  36 | Time    91 | Train Loss 0.5711 | Test Loss 0.000 | Test Error 15.32
Train Loss 0.052
Train Loss 0.500
Train Loss 0.549
Train Loss 0.540
Train Loss 0.552
Train Loss 0.547
Train Loss 0.567
Train Loss 0.552
Epoch  37 | Time    91 | Train Loss 0.5373 | Test Loss 0.000 | Test Error 14.60
Train Loss 0.053
Train Loss 0.547
Train Loss 0.515
Train Loss 0.544
Train Loss 0.563
Train Loss 0.552
Train Loss 0.524
Train Loss 0.541
Epoch  38 | Time    91 | Train Loss 0.5593 | Test Loss 0.000 | Test Error 14.16
Train Loss 0.057
Train Loss 0.529
Train Loss 0.522
Train Loss 0.535
Train Loss 0.527
Train Loss 0.549
Train Loss 0.569
Train Loss 0.550
Epoch  39 | Time    91 | Train Loss 0.5525 | Test Loss 0.000 | Test Error 14.45
Train Loss 0.052
Train Loss 0.490
Train Loss 0.540
Train Loss 0.539
Train Loss 0.544
Train Loss 0.548
Train Loss 0.517
Train Loss 0.543
Epoch  40 | Time    91 | Train Loss 0.4980 | Test Loss 0.000 | Test Error 14.22
Train Loss 0.056
Train Loss 0.551
Train Loss 0.519
Train Loss 0.560
Train Loss 0.515
Train Loss 0.517
Train Loss 0.560
Train Loss 0.529
Epoch  41 | Time    92 | Train Loss 0.5521 | Test Loss 0.000 | Test Error 14.49
Train Loss 0.043
Train Loss 0.472
Train Loss 0.510
Train Loss 0.526
Train Loss 0.517
Train Loss 0.512
Train Loss 0.524
Train Loss 0.533
Epoch  42 | Time    92 | Train Loss 0.5060 | Test Loss 0.000 | Test Error 14.94
Train Loss 0.051
Train Loss 0.519
Train Loss 0.532
Train Loss 0.487
Train Loss 0.527
Train Loss 0.506
Train Loss 0.497
Train Loss 0.522
Epoch  43 | Time    91 | Train Loss 0.5253 | Test Loss 0.000 | Test Error 13.95
Train Loss 0.049
Train Loss 0.488
Train Loss 0.507
Train Loss 0.540
Train Loss 0.511
Train Loss 0.529
Train Loss 0.529
Train Loss 0.525
Epoch  44 | Time    91 | Train Loss 0.4898 | Test Loss 0.000 | Test Error 13.92
Train Loss 0.050
Train Loss 0.469
Train Loss 0.492
Train Loss 0.530
Train Loss 0.519
Train Loss 0.499
Train Loss 0.528
Train Loss 0.507
Epoch  45 | Time    91 | Train Loss 0.4874 | Test Loss 0.000 | Test Error 14.16
Train Loss 0.050
Train Loss 0.483
Train Loss 0.498
Train Loss 0.529
Train Loss 0.476
Train Loss 0.498
Train Loss 0.512
Train Loss 0.514
Epoch  46 | Time    91 | Train Loss 0.5120 | Test Loss 0.000 | Test Error 13.78
Train Loss 0.059
Train Loss 0.464
Train Loss 0.518
Train Loss 0.516
Train Loss 0.466
Train Loss 0.517
Train Loss 0.500
Train Loss 0.493
Epoch  47 | Time    91 | Train Loss 0.4816 | Test Loss 0.000 | Test Error 14.06
Train Loss 0.032
Train Loss 0.480
Train Loss 0.447
Train Loss 0.485
Train Loss 0.473
Train Loss 0.500
Train Loss 0.465
Train Loss 0.520
Epoch  48 | Time    92 | Train Loss 0.5461 | Test Loss 0.000 | Test Error 13.74
Train Loss 0.041
Train Loss 0.438
Train Loss 0.497
Train Loss 0.510
Train Loss 0.471
Train Loss 0.478
Train Loss 0.458
Train Loss 0.492
Epoch  49 | Time    92 | Train Loss 0.4707 | Test Loss 0.000 | Test Error 13.85
Train Loss 0.036
Train Loss 0.484
Train Loss 0.482
Train Loss 0.466
Train Loss 0.489
Train Loss 0.510
Train Loss 0.454
Train Loss 0.511
Epoch  50 | Time    91 | Train Loss 0.4883 | Test Loss 0.000 | Test Error 13.57
Train Loss 0.038
Train Loss 0.437
Train Loss 0.461
Train Loss 0.477
Train Loss 0.447
Train Loss 0.498
Train Loss 0.470
Train Loss 0.473
Epoch  51 | Time    91 | Train Loss 0.5278 | Test Loss 0.000 | Test Error 13.44
Train Loss 0.034
Train Loss 0.451
Train Loss 0.453
Train Loss 0.489
Train Loss 0.460
Train Loss 0.470
Train Loss 0.487
Train Loss 0.432
Epoch  52 | Time    90 | Train Loss 0.4660 | Test Loss 0.000 | Test Error 13.95
Train Loss 0.034
Train Loss 0.436
Train Loss 0.449
Train Loss 0.456
Train Loss 0.492
Train Loss 0.463
Train Loss 0.472
Train Loss 0.481
Epoch  53 | Time    92 | Train Loss 0.4681 | Test Loss 0.000 | Test Error 13.31
Train Loss 0.048
Train Loss 0.451
Train Loss 0.436
Train Loss 0.476
Train Loss 0.460
Train Loss 0.441
Train Loss 0.458
Train Loss 0.452
Epoch  54 | Time    91 | Train Loss 0.4647 | Test Loss 0.000 | Test Error 13.13
Train Loss 0.040
Train Loss 0.469
Train Loss 0.469
Train Loss 0.457
Train Loss 0.448
Train Loss 0.456
Train Loss 0.455
Train Loss 0.411
Epoch  55 | Time    91 | Train Loss 0.4362 | Test Loss 0.000 | Test Error 12.92
Train Loss 0.042
Train Loss 0.419
Train Loss 0.435
Train Loss 0.415
Train Loss 0.444
Train Loss 0.464
Train Loss 0.451
Train Loss 0.458
Epoch  56 | Time    91 | Train Loss 0.4360 | Test Loss 0.000 | Test Error 13.27
Train Loss 0.044
Train Loss 0.432
Train Loss 0.454
Train Loss 0.452
Train Loss 0.460
Train Loss 0.456
Train Loss 0.439
Train Loss 0.455
Epoch  57 | Time    91 | Train Loss 0.4360 | Test Loss 0.000 | Test Error 12.87
Train Loss 0.043
Train Loss 0.401
Train Loss 0.425
Train Loss 0.433
Train Loss 0.425
Train Loss 0.464
Train Loss 0.464
Train Loss 0.411
Epoch  58 | Time    91 | Train Loss 0.4487 | Test Loss 0.000 | Test Error 13.23
Train Loss 0.040
Train Loss 0.401
Train Loss 0.414
Train Loss 0.454
Train Loss 0.461
Train Loss 0.428
Train Loss 0.401
Train Loss 0.416
Epoch  59 | Time    91 | Train Loss 0.4430 | Test Loss 0.000 | Test Error 13.03
Train Loss 0.037
Train Loss 0.397
Train Loss 0.411
Train Loss 0.397
Train Loss 0.440
Train Loss 0.408
Train Loss 0.418
Train Loss 0.422
Epoch  60 | Time    92 | Train Loss 0.4275 | Test Loss 0.000 | Test Error 12.72
Train Loss 0.036
Train Loss 0.427
Train Loss 0.422
Train Loss 0.427
Train Loss 0.387
Train Loss 0.440
Train Loss 0.415
Train Loss 0.377
Epoch  61 | Time    91 | Train Loss 0.4152 | Test Loss 0.000 | Test Error 13.02
Train Loss 0.040
Train Loss 0.420
Train Loss 0.382
Train Loss 0.412
Train Loss 0.382
Train Loss 0.406
Train Loss 0.400
Train Loss 0.433
Epoch  62 | Time    90 | Train Loss 0.4363 | Test Loss 0.000 | Test Error 12.51
Train Loss 0.046
Train Loss 0.399
Train Loss 0.381
Train Loss 0.416
Train Loss 0.392
Train Loss 0.395
Train Loss 0.410
Train Loss 0.385
Epoch  63 | Time    91 | Train Loss 0.3932 | Test Loss 0.000 | Test Error 12.19
Train Loss 0.045
Train Loss 0.419
Train Loss 0.396
Train Loss 0.406
Train Loss 0.406
Train Loss 0.391
Train Loss 0.426
Train Loss 0.401
Epoch  64 | Time    91 | Train Loss 0.4065 | Test Loss 0.000 | Test Error 12.28
Train Loss 0.030
Train Loss 0.393
Train Loss 0.364
Train Loss 0.417
Train Loss 0.419
Train Loss 0.386
Train Loss 0.391
Train Loss 0.415
Epoch  65 | Time    91 | Train Loss 0.4274 | Test Loss 0.000 | Test Error 12.82
Train Loss 0.041
Train Loss 0.390
Train Loss 0.373
Train Loss 0.381
Train Loss 0.360
Train Loss 0.382
Train Loss 0.410
Train Loss 0.420
Epoch  66 | Time    91 | Train Loss 0.3940 | Test Loss 0.000 | Test Error 11.85
Train Loss 0.033
Train Loss 0.384
Train Loss 0.383
Train Loss 0.379
Train Loss 0.396
Train Loss 0.406
Train Loss 0.367
Train Loss 0.363
Epoch  67 | Time    91 | Train Loss 0.3971 | Test Loss 0.000 | Test Error 12.30
Train Loss 0.036
Train Loss 0.349
Train Loss 0.370
Train Loss 0.377
Train Loss 0.335
Train Loss 0.350
Train Loss 0.383
Train Loss 0.375
Epoch  68 | Time    91 | Train Loss 0.4020 | Test Loss 0.000 | Test Error 12.22
Train Loss 0.028
Train Loss 0.337
Train Loss 0.365
Train Loss 0.355
Train Loss 0.349
Train Loss 0.366
Train Loss 0.385
Train Loss 0.389
Epoch  69 | Time    90 | Train Loss 0.3768 | Test Loss 0.000 | Test Error 12.37
Train Loss 0.044
Train Loss 0.356
Train Loss 0.365
Train Loss 0.381
Train Loss 0.380
Train Loss 0.372
Train Loss 0.370
Train Loss 0.359
Epoch  70 | Time    91 | Train Loss 0.3612 | Test Loss 0.000 | Test Error 12.35
Train Loss 0.040
Train Loss 0.341
Train Loss 0.342
Train Loss 0.362
Train Loss 0.340
Train Loss 0.366
Train Loss 0.371
Train Loss 0.344
Epoch  71 | Time    91 | Train Loss 0.3458 | Test Loss 0.000 | Test Error 12.12
Train Loss 0.029
Train Loss 0.338
Train Loss 0.320
Train Loss 0.337
Train Loss 0.336
Train Loss 0.349
Train Loss 0.351
Train Loss 0.338
Epoch  72 | Time    91 | Train Loss 0.3334 | Test Loss 0.000 | Test Error 12.05
Train Loss 0.027
Train Loss 0.356
Train Loss 0.346
Train Loss 0.344
Train Loss 0.350
Train Loss 0.333
Train Loss 0.324
Train Loss 0.384
Epoch  73 | Time    91 | Train Loss 0.3512 | Test Loss 0.000 | Test Error 11.71
Train Loss 0.038
Train Loss 0.343
Train Loss 0.318
Train Loss 0.339
Train Loss 0.325
Train Loss 0.360
Train Loss 0.360
Train Loss 0.334
Epoch  74 | Time    90 | Train Loss 0.3307 | Test Loss 0.000 | Test Error 11.88
Train Loss 0.030
Train Loss 0.341
Train Loss 0.334
Train Loss 0.311
Train Loss 0.331
Train Loss 0.311
Train Loss 0.299
Train Loss 0.342
Epoch  75 | Time    91 | Train Loss 0.3429 | Test Loss 0.000 | Test Error 11.95
Train Loss 0.038
Train Loss 0.329
Train Loss 0.331
Train Loss 0.345
Train Loss 0.315
Train Loss 0.319
Train Loss 0.300
Train Loss 0.294
Epoch  76 | Time    91 | Train Loss 0.3297 | Test Loss 0.000 | Test Error 12.25
Train Loss 0.026
Train Loss 0.293
Train Loss 0.327
Train Loss 0.331
Train Loss 0.320
Train Loss 0.343
Train Loss 0.339
Train Loss 0.293
Epoch  77 | Time    91 | Train Loss 0.3212 | Test Loss 0.000 | Test Error 12.24
Train Loss 0.034
Train Loss 0.317
Train Loss 0.304
Train Loss 0.308
Train Loss 0.319
Train Loss 0.315
Train Loss 0.313
Train Loss 0.280
Epoch  78 | Time    91 | Train Loss 0.2928 | Test Loss 0.000 | Test Error 11.82
Train Loss 0.028
Train Loss 0.285
Train Loss 0.307
Train Loss 0.291
Train Loss 0.320
Train Loss 0.292
Train Loss 0.324
Train Loss 0.311
Epoch  79 | Time    92 | Train Loss 0.3066 | Test Loss 0.000 | Test Error 12.09
Train Loss 0.028
Train Loss 0.294
Train Loss 0.290
Train Loss 0.303
Train Loss 0.282
Train Loss 0.302
Train Loss 0.256
Train Loss 0.308
Epoch  80 | Time    91 | Train Loss 0.3051 | Test Loss 0.000 | Test Error 12.17
Train Loss 0.029
Train Loss 0.278
Train Loss 0.285
Train Loss 0.280
Train Loss 0.284
Train Loss 0.291
Train Loss 0.293
Train Loss 0.313
Epoch  81 | Time    91 | Train Loss 0.2858 | Test Loss 0.000 | Test Error 11.71
Train Loss 0.040
Train Loss 0.275
Train Loss 0.283
Train Loss 0.271
Train Loss 0.298
Train Loss 0.275
Train Loss 0.299
Train Loss 0.284
Epoch  82 | Time    91 | Train Loss 0.2641 | Test Loss 0.000 | Test Error 11.33
Train Loss 0.028
Train Loss 0.267
Train Loss 0.293
Train Loss 0.297
Train Loss 0.269
Train Loss 0.275
Train Loss 0.279
Train Loss 0.291
Epoch  83 | Time    90 | Train Loss 0.2644 | Test Loss 0.000 | Test Error 11.70
Train Loss 0.019
Train Loss 0.287
Train Loss 0.284
Train Loss 0.270
Train Loss 0.260
Train Loss 0.278
Train Loss 0.255
Train Loss 0.258
Epoch  84 | Time    91 | Train Loss 0.2639 | Test Loss 0.000 | Test Error 11.76
Train Loss 0.023
Train Loss 0.267
Train Loss 0.287
Train Loss 0.269
Train Loss 0.294
Train Loss 0.268
Train Loss 0.266
Train Loss 0.261
Epoch  85 | Time    91 | Train Loss 0.2734 | Test Loss 0.000 | Test Error 11.65
Train Loss 0.026
Train Loss 0.236
Train Loss 0.248
Train Loss 0.295
Train Loss 0.257
Train Loss 0.277
Train Loss 0.263
Train Loss 0.241
Epoch  86 | Time    91 | Train Loss 0.2797 | Test Loss 0.000 | Test Error 11.51
Train Loss 0.012
Train Loss 0.245
Train Loss 0.261
Train Loss 0.260
Train Loss 0.289
Train Loss 0.262
Train Loss 0.269
Train Loss 0.242
Epoch  87 | Time    91 | Train Loss 0.2548 | Test Loss 0.000 | Test Error 11.40
Train Loss 0.021
Train Loss 0.275
Train Loss 0.279
Train Loss 0.250
Train Loss 0.286
Train Loss 0.242
Train Loss 0.263
Train Loss 0.287
Epoch  88 | Time    91 | Train Loss 0.2658 | Test Loss 0.000 | Test Error 11.26
Train Loss 0.033
Train Loss 0.246
Train Loss 0.214
Train Loss 0.243
Train Loss 0.218
Train Loss 0.245
Train Loss 0.237
Train Loss 0.257
Epoch  89 | Time    91 | Train Loss 0.2477 | Test Loss 0.000 | Test Error 11.43
Train Loss 0.028
Train Loss 0.240
Train Loss 0.250
Train Loss 0.256
Train Loss 0.279
Train Loss 0.236
Train Loss 0.236
Train Loss 0.247
Epoch  90 | Time    91 | Train Loss 0.2312 | Test Loss 0.000 | Test Error 11.22
Train Loss 0.015
Train Loss 0.226
Train Loss 0.239
Train Loss 0.242
Train Loss 0.236
Train Loss 0.247
Train Loss 0.250
Train Loss 0.233
Epoch  91 | Time    91 | Train Loss 0.2290 | Test Loss 0.000 | Test Error 11.35
Train Loss 0.016
Train Loss 0.255
Train Loss 0.235
Train Loss 0.205
Train Loss 0.268
Train Loss 0.249
Train Loss 0.229
Train Loss 0.232
Epoch  92 | Time    91 | Train Loss 0.2226 | Test Loss 0.000 | Test Error 11.05
Train Loss 0.031
Train Loss 0.238
Train Loss 0.234
Train Loss 0.214
Train Loss 0.237
Train Loss 0.236
Train Loss 0.243
Train Loss 0.234
Epoch  93 | Time    91 | Train Loss 0.2245 | Test Loss 0.000 | Test Error 11.10
Train Loss 0.021
Train Loss 0.226
Train Loss 0.239
Train Loss 0.217
Train Loss 0.242
Train Loss 0.239
Train Loss 0.240
Train Loss 0.230
Epoch  94 | Time    91 | Train Loss 0.2185 | Test Loss 0.000 | Test Error 11.15
Train Loss 0.023
Train Loss 0.259
Train Loss 0.237
Train Loss 0.213
Train Loss 0.233
Train Loss 0.245
Train Loss 0.246
Train Loss 0.204
Epoch  95 | Time    91 | Train Loss 0.2703 | Test Loss 0.000 | Test Error 11.02
Train Loss 0.021
Train Loss 0.228
Train Loss 0.216
Train Loss 0.238
Train Loss 0.217
Train Loss 0.229
Train Loss 0.218
Train Loss 0.251
Epoch  96 | Time    92 | Train Loss 0.2362 | Test Loss 0.000 | Test Error 11.17
Train Loss 0.020
Train Loss 0.236
Train Loss 0.218
Train Loss 0.234
Train Loss 0.251
Train Loss 0.207
Train Loss 0.258
Train Loss 0.261
Epoch  97 | Time    91 | Train Loss 0.2272 | Test Loss 0.000 | Test Error 11.17
Train Loss 0.024
Train Loss 0.221
Train Loss 0.242
Train Loss 0.211
Train Loss 0.221
Train Loss 0.236
Train Loss 0.222
Train Loss 0.251
Epoch  98 | Time    91 | Train Loss 0.2160 | Test Loss 0.000 | Test Error 11.15
Train Loss 0.024
Train Loss 0.209
Train Loss 0.224
Train Loss 0.239
Train Loss 0.216
Train Loss 0.217
Train Loss 0.252
Train Loss 0.228
Epoch  99 | Time    91 | Train Loss 0.2642 | Test Loss 0.000 | Test Error 11.11
Train Loss 0.016
Train Loss 0.229
Train Loss 0.219
Train Loss 0.255
Train Loss 0.213
Train Loss 0.221
Train Loss 0.245
Train Loss 0.237
Epoch 100 | Time    90 | Train Loss 0.2296 | Test Loss 0.000 | Test Error 11.17
gaussian_noise
	Test Loss 0.001 | Test Error 17.146
shot_noise
	Test Loss 0.001 | Test Error 15.330
impulse_noise
	Test Loss 0.001 | Test Error 22.186
defocus_blur
	Test Loss 0.000 | Test Error 12.592
glass_blur
	Test Loss 0.001 | Test Error 21.356
motion_blur
	Test Loss 0.000 | Test Error 14.812
zoom_blur
	Test Loss 0.000 | Test Error 13.728
snow
	Test Loss 0.001 | Test Error 17.580
frost
	Test Loss 0.001 | Test Error 17.074
fog
	Test Loss 0.001 | Test Error 19.386
brightness
	Test Loss 0.000 | Test Error 12.926
contrast
	Test Loss 0.001 | Test Error 21.922
elastic_transform
	Test Loss 0.001 | Test Error 15.388
pixelate
	Test Loss 0.000 | Test Error 13.354
jpeg_compression
	Test Loss 0.000 | Test Error 14.206
Mean Corruption Error: 16.599
