/home/g054545/.conda/envs/aaa/lib/python3.9/site-packages/torch/utils/data/dataloader.py:561: UserWarning: This DataLoader will create 4 worker processes in total. Our suggested max number of worker in current system is 2, which is smaller than what this DataLoader is going to create. Please be aware that excessive worker creation might get DataLoader running slow or even freeze, lower the worker number to avoid potential slowness/freeze if necessary.
  warnings.warn(_create_warning_msg(
/home/g054545/.conda/envs/aaa/lib/python3.9/site-packages/torchvision/models/_utils.py:208: UserWarning: The parameter 'pretrained' is deprecated since 0.13 and may be removed in the future, please use 'weights' instead.
  warnings.warn(
/home/g054545/.conda/envs/aaa/lib/python3.9/site-packages/torchvision/models/_utils.py:223: UserWarning: Arguments other than a weight enum or `None` for 'weights' are deprecated since 0.13 and may be removed in the future. The current behavior is equivalent to passing `weights=None`.
  warnings.warn(msg)
Files already downloaded and verified
Files already downloaded and verified
This file is for res18_npt
Beginning training from epoch: 1
Train Loss 0.304
Train Loss 2.125
Train Loss 1.957
Train Loss 1.859
Train Loss 1.839
Train Loss 1.763
Train Loss 1.711
Train Loss 1.718
Epoch   1 | Time   102 | Train Loss 1.6705 | Test Loss 0.001 | Test Error 54.28
Train Loss 0.161
Train Loss 1.632
Train Loss 1.616
Train Loss 1.558
Train Loss 1.593
Train Loss 1.537
Train Loss 1.505
Train Loss 1.523
Epoch   2 | Time    84 | Train Loss 1.4996 | Test Loss 0.001 | Test Error 45.58
Train Loss 0.144
Train Loss 1.466
Train Loss 1.451
Train Loss 1.462
Train Loss 1.387
Train Loss 1.432
Train Loss 1.373
Train Loss 1.392
Epoch   3 | Time    84 | Train Loss 1.3768 | Test Loss 0.001 | Test Error 39.39
Train Loss 0.144
Train Loss 1.371
Train Loss 1.372
Train Loss 1.356
Train Loss 1.319
Train Loss 1.287
Train Loss 1.310
Train Loss 1.321
Epoch   4 | Time    84 | Train Loss 1.3187 | Test Loss 0.001 | Test Error 36.55
Train Loss 0.133
Train Loss 1.266
Train Loss 1.269
Train Loss 1.277
Train Loss 1.239
Train Loss 1.262
Train Loss 1.258
Train Loss 1.244
Epoch   5 | Time    84 | Train Loss 1.2336 | Test Loss 0.001 | Test Error 32.81
Train Loss 0.109
Train Loss 1.218
Train Loss 1.195
Train Loss 1.208
Train Loss 1.196
Train Loss 1.202
Train Loss 1.189
Train Loss 1.189
Epoch   6 | Time    85 | Train Loss 1.1817 | Test Loss 0.001 | Test Error 31.38
Train Loss 0.098
Train Loss 1.132
Train Loss 1.170
Train Loss 1.159
Train Loss 1.162
Train Loss 1.117
Train Loss 1.117
Train Loss 1.133
Epoch   7 | Time    84 | Train Loss 1.1509 | Test Loss 0.001 | Test Error 29.52
Train Loss 0.112
Train Loss 1.111
Train Loss 1.117
Train Loss 1.129
Train Loss 1.073
Train Loss 1.117
Train Loss 1.062
Train Loss 1.099
Epoch   8 | Time    84 | Train Loss 1.1097 | Test Loss 0.001 | Test Error 30.87
Train Loss 0.108
Train Loss 1.060
Train Loss 1.074
Train Loss 1.079
Train Loss 1.105
Train Loss 1.076
Train Loss 1.037
Train Loss 1.088
Epoch   9 | Time    84 | Train Loss 1.0744 | Test Loss 0.001 | Test Error 28.55
Train Loss 0.114
Train Loss 1.046
Train Loss 1.063
Train Loss 1.026
Train Loss 1.024
Train Loss 1.047
Train Loss 1.029
Train Loss 1.019
Epoch  10 | Time    83 | Train Loss 1.0419 | Test Loss 0.001 | Test Error 27.18
Train Loss 0.098
Train Loss 1.027
Train Loss 0.989
Train Loss 0.999
Train Loss 0.999
Train Loss 1.033
Train Loss 1.019
Train Loss 1.000
Epoch  11 | Time    84 | Train Loss 1.0171 | Test Loss 0.001 | Test Error 26.22
Train Loss 0.098
Train Loss 0.997
Train Loss 0.984
Train Loss 0.964
Train Loss 0.979
Train Loss 0.963
Train Loss 1.019
Train Loss 0.956
Epoch  12 | Time    84 | Train Loss 0.9764 | Test Loss 0.001 | Test Error 24.01
Train Loss 0.104
Train Loss 0.935
Train Loss 0.961
Train Loss 0.961
Train Loss 0.958
Train Loss 0.978
Train Loss 0.999
Train Loss 0.977
Epoch  13 | Time    83 | Train Loss 0.9789 | Test Loss 0.001 | Test Error 24.30
Train Loss 0.089
Train Loss 0.943
Train Loss 0.946
Train Loss 0.929
Train Loss 0.926
Train Loss 0.945
Train Loss 0.906
Train Loss 0.968
Epoch  14 | Time    83 | Train Loss 0.9108 | Test Loss 0.001 | Test Error 23.06
Train Loss 0.079
Train Loss 0.927
Train Loss 0.930
Train Loss 0.932
Train Loss 0.918
Train Loss 0.931
Train Loss 0.920
Train Loss 0.931
Epoch  15 | Time    84 | Train Loss 0.9153 | Test Loss 0.001 | Test Error 23.17
Train Loss 0.087
Train Loss 0.906
Train Loss 0.893
Train Loss 0.891
Train Loss 0.894
Train Loss 0.928
Train Loss 0.903
Train Loss 0.894
Epoch  16 | Time    84 | Train Loss 0.8770 | Test Loss 0.001 | Test Error 21.77
Train Loss 0.074
Train Loss 0.880
Train Loss 0.878
Train Loss 0.887
Train Loss 0.881
Train Loss 0.887
Train Loss 0.877
Train Loss 0.901
Epoch  17 | Time    83 | Train Loss 0.8942 | Test Loss 0.001 | Test Error 22.80
Train Loss 0.080
Train Loss 0.833
Train Loss 0.882
Train Loss 0.878
Train Loss 0.865
Train Loss 0.901
Train Loss 0.873
Train Loss 0.856
Epoch  18 | Time    84 | Train Loss 0.9204 | Test Loss 0.001 | Test Error 21.90
Train Loss 0.086
Train Loss 0.871
Train Loss 0.838
Train Loss 0.849
Train Loss 0.917
Train Loss 0.874
Train Loss 0.866
Train Loss 0.874
Epoch  19 | Time    84 | Train Loss 0.8542 | Test Loss 0.001 | Test Error 20.70
Train Loss 0.098
Train Loss 0.848
Train Loss 0.820
Train Loss 0.892
Train Loss 0.874
Train Loss 0.889
Train Loss 0.867
Train Loss 0.860
Epoch  20 | Time    83 | Train Loss 0.8475 | Test Loss 0.001 | Test Error 21.51
Train Loss 0.087
Train Loss 0.812
Train Loss 0.835
Train Loss 0.835
Train Loss 0.867
Train Loss 0.833
Train Loss 0.811
Train Loss 0.831
Epoch  21 | Time    83 | Train Loss 0.8480 | Test Loss 0.001 | Test Error 21.13
Train Loss 0.091
Train Loss 0.823
Train Loss 0.811
Train Loss 0.840
Train Loss 0.833
Train Loss 0.807
Train Loss 0.818
Train Loss 0.856
Epoch  22 | Time    83 | Train Loss 0.8023 | Test Loss 0.001 | Test Error 21.69
Train Loss 0.083
Train Loss 0.823
Train Loss 0.785
Train Loss 0.830
Train Loss 0.821
Train Loss 0.837
Train Loss 0.780
Train Loss 0.839
Epoch  23 | Time    84 | Train Loss 0.8209 | Test Loss 0.001 | Test Error 20.10
Train Loss 0.073
Train Loss 0.759
Train Loss 0.836
Train Loss 0.784
Train Loss 0.790
Train Loss 0.764
Train Loss 0.784
Train Loss 0.785
Epoch  24 | Time    84 | Train Loss 0.8305 | Test Loss 0.001 | Test Error 20.36
Train Loss 0.091
Train Loss 0.767
Train Loss 0.792
Train Loss 0.798
Train Loss 0.777
Train Loss 0.779
Train Loss 0.812
Train Loss 0.790
Epoch  25 | Time    83 | Train Loss 0.7835 | Test Loss 0.001 | Test Error 20.40
Train Loss 0.065
Train Loss 0.791
Train Loss 0.754
Train Loss 0.789
Train Loss 0.773
Train Loss 0.804
Train Loss 0.782
Train Loss 0.760
Epoch  26 | Time    84 | Train Loss 0.7640 | Test Loss 0.001 | Test Error 21.33
Train Loss 0.074
Train Loss 0.730
Train Loss 0.760
Train Loss 0.794
Train Loss 0.797
Train Loss 0.763
Train Loss 0.769
Train Loss 0.800
Epoch  27 | Time    84 | Train Loss 0.8169 | Test Loss 0.001 | Test Error 20.66
Train Loss 0.068
Train Loss 0.742
Train Loss 0.750
Train Loss 0.740
Train Loss 0.764
Train Loss 0.732
Train Loss 0.770
Train Loss 0.774
Epoch  28 | Time    83 | Train Loss 0.7987 | Test Loss 0.001 | Test Error 19.04
Train Loss 0.069
Train Loss 0.724
Train Loss 0.746
Train Loss 0.762
Train Loss 0.736
Train Loss 0.775
Train Loss 0.742
Train Loss 0.756
Epoch  29 | Time    84 | Train Loss 0.7701 | Test Loss 0.001 | Test Error 19.20
Train Loss 0.072
Train Loss 0.741
Train Loss 0.746
Train Loss 0.730
Train Loss 0.736
Train Loss 0.748
Train Loss 0.735
Train Loss 0.748
Epoch  30 | Time    83 | Train Loss 0.7411 | Test Loss 0.001 | Test Error 19.35
Train Loss 0.075
Train Loss 0.705
Train Loss 0.740
Train Loss 0.703
Train Loss 0.724
Train Loss 0.739
Train Loss 0.749
Train Loss 0.749
Epoch  31 | Time    84 | Train Loss 0.7587 | Test Loss 0.001 | Test Error 18.48
Train Loss 0.062
Train Loss 0.720
Train Loss 0.715
Train Loss 0.707
Train Loss 0.719
Train Loss 0.734
Train Loss 0.757
Train Loss 0.714
Epoch  32 | Time    84 | Train Loss 0.7675 | Test Loss 0.001 | Test Error 18.66
Train Loss 0.069
Train Loss 0.714
Train Loss 0.731
Train Loss 0.723
Train Loss 0.731
Train Loss 0.694
Train Loss 0.716
Train Loss 0.717
Epoch  33 | Time    84 | Train Loss 0.7122 | Test Loss 0.001 | Test Error 18.16
Train Loss 0.065
Train Loss 0.748
Train Loss 0.699
Train Loss 0.724
Train Loss 0.699
Train Loss 0.726
Train Loss 0.691
Train Loss 0.700
Epoch  34 | Time    83 | Train Loss 0.7270 | Test Loss 0.001 | Test Error 19.07
Train Loss 0.079
Train Loss 0.685
Train Loss 0.679
Train Loss 0.700
Train Loss 0.710
Train Loss 0.721
Train Loss 0.689
Train Loss 0.696
Epoch  35 | Time    83 | Train Loss 0.7233 | Test Loss 0.001 | Test Error 18.81
Train Loss 0.063
Train Loss 0.690
Train Loss 0.675
Train Loss 0.682
Train Loss 0.704
Train Loss 0.689
Train Loss 0.724
Train Loss 0.690
Epoch  36 | Time    83 | Train Loss 0.7147 | Test Loss 0.001 | Test Error 18.45
Train Loss 0.063
Train Loss 0.644
Train Loss 0.710
Train Loss 0.690
Train Loss 0.709
Train Loss 0.708
Train Loss 0.693
Train Loss 0.708
Epoch  37 | Time    83 | Train Loss 0.6801 | Test Loss 0.001 | Test Error 18.26
Train Loss 0.057
Train Loss 0.708
Train Loss 0.647
Train Loss 0.701
Train Loss 0.691
Train Loss 0.688
Train Loss 0.677
Train Loss 0.701
Epoch  38 | Time    84 | Train Loss 0.7117 | Test Loss 0.001 | Test Error 17.19
Train Loss 0.078
Train Loss 0.663
Train Loss 0.674
Train Loss 0.656
Train Loss 0.680
Train Loss 0.667
Train Loss 0.707
Train Loss 0.692
Epoch  39 | Time    84 | Train Loss 0.6846 | Test Loss 0.001 | Test Error 17.38
Train Loss 0.063
Train Loss 0.624
Train Loss 0.680
Train Loss 0.672
Train Loss 0.657
Train Loss 0.699
Train Loss 0.671
Train Loss 0.685
Epoch  40 | Time    83 | Train Loss 0.6473 | Test Loss 0.001 | Test Error 17.52
Train Loss 0.069
Train Loss 0.657
Train Loss 0.664
Train Loss 0.681
Train Loss 0.672
Train Loss 0.649
Train Loss 0.683
Train Loss 0.656
Epoch  41 | Time    83 | Train Loss 0.6819 | Test Loss 0.001 | Test Error 17.52
Train Loss 0.054
Train Loss 0.601
Train Loss 0.662
Train Loss 0.673
Train Loss 0.639
Train Loss 0.622
Train Loss 0.664
Train Loss 0.685
Epoch  42 | Time    84 | Train Loss 0.6568 | Test Loss 0.001 | Test Error 17.72
Train Loss 0.058
Train Loss 0.665
Train Loss 0.676
Train Loss 0.647
Train Loss 0.662
Train Loss 0.638
Train Loss 0.635
Train Loss 0.640
Epoch  43 | Time    83 | Train Loss 0.6433 | Test Loss 0.001 | Test Error 16.71
Train Loss 0.068
Train Loss 0.616
Train Loss 0.655
Train Loss 0.680
Train Loss 0.640
Train Loss 0.687
Train Loss 0.657
Train Loss 0.628
Epoch  44 | Time    83 | Train Loss 0.6359 | Test Loss 0.001 | Test Error 17.13
Train Loss 0.068
Train Loss 0.614
Train Loss 0.640
Train Loss 0.642
Train Loss 0.646
Train Loss 0.611
Train Loss 0.649
Train Loss 0.622
Epoch  45 | Time    84 | Train Loss 0.6540 | Test Loss 0.000 | Test Error 16.40
Train Loss 0.065
Train Loss 0.645
Train Loss 0.612
Train Loss 0.648
Train Loss 0.621
Train Loss 0.620
Train Loss 0.627
Train Loss 0.644
Epoch  46 | Time    84 | Train Loss 0.6225 | Test Loss 0.000 | Test Error 16.38
Train Loss 0.064
Train Loss 0.608
Train Loss 0.643
Train Loss 0.627
Train Loss 0.615
Train Loss 0.650
Train Loss 0.644
Train Loss 0.634
Epoch  47 | Time    84 | Train Loss 0.6031 | Test Loss 0.000 | Test Error 16.68
Train Loss 0.047
Train Loss 0.631
Train Loss 0.581
Train Loss 0.612
Train Loss 0.611
Train Loss 0.637
Train Loss 0.626
Train Loss 0.619
Epoch  48 | Time    83 | Train Loss 0.6737 | Test Loss 0.000 | Test Error 16.26
Train Loss 0.043
Train Loss 0.574
Train Loss 0.635
Train Loss 0.641
Train Loss 0.582
Train Loss 0.610
Train Loss 0.582
Train Loss 0.602
Epoch  49 | Time    84 | Train Loss 0.5993 | Test Loss 0.000 | Test Error 16.22
Train Loss 0.053
Train Loss 0.591
Train Loss 0.584
Train Loss 0.600
Train Loss 0.622
Train Loss 0.640
Train Loss 0.588
Train Loss 0.627
Epoch  50 | Time    84 | Train Loss 0.5997 | Test Loss 0.000 | Test Error 16.25
Train Loss 0.055
Train Loss 0.558
Train Loss 0.582
Train Loss 0.603
Train Loss 0.562
Train Loss 0.621
Train Loss 0.598
Train Loss 0.626
Epoch  51 | Time    84 | Train Loss 0.6323 | Test Loss 0.000 | Test Error 15.77
Train Loss 0.049
Train Loss 0.579
Train Loss 0.573
Train Loss 0.623
Train Loss 0.582
Train Loss 0.607
Train Loss 0.600
Train Loss 0.554
Epoch  52 | Time    83 | Train Loss 0.5986 | Test Loss 0.000 | Test Error 16.25
Train Loss 0.054
Train Loss 0.556
Train Loss 0.582
Train Loss 0.575
Train Loss 0.608
Train Loss 0.589
Train Loss 0.585
Train Loss 0.606
Epoch  53 | Time    84 | Train Loss 0.5868 | Test Loss 0.000 | Test Error 15.71
Train Loss 0.060
Train Loss 0.575
Train Loss 0.569
Train Loss 0.594
Train Loss 0.586
Train Loss 0.568
Train Loss 0.586
Train Loss 0.614
Epoch  54 | Time    84 | Train Loss 0.6220 | Test Loss 0.000 | Test Error 15.46
Train Loss 0.055
Train Loss 0.582
Train Loss 0.573
Train Loss 0.566
Train Loss 0.556
Train Loss 0.595
Train Loss 0.585
Train Loss 0.547
Epoch  55 | Time    84 | Train Loss 0.5946 | Test Loss 0.000 | Test Error 15.44
Train Loss 0.061
Train Loss 0.551
Train Loss 0.553
Train Loss 0.551
Train Loss 0.567
Train Loss 0.612
Train Loss 0.542
Train Loss 0.582
Epoch  56 | Time    83 | Train Loss 0.5709 | Test Loss 0.000 | Test Error 15.57
Train Loss 0.062
Train Loss 0.559
Train Loss 0.533
Train Loss 0.565
Train Loss 0.560
Train Loss 0.576
Train Loss 0.564
Train Loss 0.578
Epoch  57 | Time    84 | Train Loss 0.5433 | Test Loss 0.000 | Test Error 15.33
Train Loss 0.054
Train Loss 0.550
Train Loss 0.552
Train Loss 0.559
Train Loss 0.548
Train Loss 0.586
Train Loss 0.581
Train Loss 0.542
Epoch  58 | Time    84 | Train Loss 0.5601 | Test Loss 0.000 | Test Error 15.03
Train Loss 0.057
Train Loss 0.517
Train Loss 0.523
Train Loss 0.560
Train Loss 0.575
Train Loss 0.527
Train Loss 0.515
Train Loss 0.524
Epoch  59 | Time    84 | Train Loss 0.5181 | Test Loss 0.000 | Test Error 14.95
Train Loss 0.044
Train Loss 0.527
Train Loss 0.552
Train Loss 0.526
Train Loss 0.560
Train Loss 0.538
Train Loss 0.542
Train Loss 0.559
Epoch  60 | Time    84 | Train Loss 0.5280 | Test Loss 0.000 | Test Error 15.13
Train Loss 0.052
Train Loss 0.539
Train Loss 0.544
Train Loss 0.551
Train Loss 0.511
Train Loss 0.560
Train Loss 0.496
Train Loss 0.510
Epoch  61 | Time    83 | Train Loss 0.5509 | Test Loss 0.000 | Test Error 15.26
Train Loss 0.057
Train Loss 0.545
Train Loss 0.501
Train Loss 0.546
Train Loss 0.494
Train Loss 0.532
Train Loss 0.527
Train Loss 0.546
Epoch  62 | Time    84 | Train Loss 0.5164 | Test Loss 0.000 | Test Error 14.82
Train Loss 0.070
Train Loss 0.528
Train Loss 0.505
Train Loss 0.534
Train Loss 0.507
Train Loss 0.505
Train Loss 0.555
Train Loss 0.497
Epoch  63 | Time    84 | Train Loss 0.5166 | Test Loss 0.000 | Test Error 14.61
Train Loss 0.051
Train Loss 0.515
Train Loss 0.506
Train Loss 0.531
Train Loss 0.520
Train Loss 0.524
Train Loss 0.541
Train Loss 0.507
Epoch  64 | Time    84 | Train Loss 0.5300 | Test Loss 0.000 | Test Error 14.57
Train Loss 0.042
Train Loss 0.514
Train Loss 0.498
Train Loss 0.524
Train Loss 0.534
Train Loss 0.503
Train Loss 0.517
Train Loss 0.514
Epoch  65 | Time    84 | Train Loss 0.5204 | Test Loss 0.000 | Test Error 15.16
Train Loss 0.048
Train Loss 0.499
Train Loss 0.501
Train Loss 0.497
Train Loss 0.484
Train Loss 0.520
Train Loss 0.563
Train Loss 0.535
Epoch  66 | Time    84 | Train Loss 0.5082 | Test Loss 0.000 | Test Error 14.74
Train Loss 0.044
Train Loss 0.515
Train Loss 0.505
Train Loss 0.477
Train Loss 0.516
Train Loss 0.514
Train Loss 0.502
Train Loss 0.489
Epoch  67 | Time    83 | Train Loss 0.5198 | Test Loss 0.000 | Test Error 14.69
Train Loss 0.053
Train Loss 0.492
Train Loss 0.490
Train Loss 0.497
Train Loss 0.449
Train Loss 0.477
Train Loss 0.482
Train Loss 0.508
Epoch  68 | Time    84 | Train Loss 0.5281 | Test Loss 0.000 | Test Error 14.31
Train Loss 0.040
Train Loss 0.466
Train Loss 0.499
Train Loss 0.461
Train Loss 0.470
Train Loss 0.492
Train Loss 0.512
Train Loss 0.499
Epoch  69 | Time    84 | Train Loss 0.5037 | Test Loss 0.000 | Test Error 14.61
Train Loss 0.050
Train Loss 0.454
Train Loss 0.484
Train Loss 0.512
Train Loss 0.502
Train Loss 0.492
Train Loss 0.478
Train Loss 0.491
Epoch  70 | Time    84 | Train Loss 0.4648 | Test Loss 0.000 | Test Error 14.48
Train Loss 0.061
Train Loss 0.476
Train Loss 0.456
Train Loss 0.469
Train Loss 0.458
Train Loss 0.490
Train Loss 0.468
Train Loss 0.481
Epoch  71 | Time    84 | Train Loss 0.4749 | Test Loss 0.000 | Test Error 14.02
Train Loss 0.035
Train Loss 0.450
Train Loss 0.473
Train Loss 0.448
Train Loss 0.455
Train Loss 0.462
Train Loss 0.464
Train Loss 0.476
Epoch  72 | Time    84 | Train Loss 0.4532 | Test Loss 0.000 | Test Error 13.92
Train Loss 0.041
Train Loss 0.466
Train Loss 0.461
Train Loss 0.496
Train Loss 0.446
Train Loss 0.450
Train Loss 0.439
Train Loss 0.495
Epoch  73 | Time    84 | Train Loss 0.4673 | Test Loss 0.000 | Test Error 14.00
Train Loss 0.045
Train Loss 0.470
Train Loss 0.462
Train Loss 0.460
Train Loss 0.463
Train Loss 0.472
Train Loss 0.468
Train Loss 0.439
Epoch  74 | Time    84 | Train Loss 0.4515 | Test Loss 0.000 | Test Error 13.85
Train Loss 0.040
Train Loss 0.434
Train Loss 0.484
Train Loss 0.449
Train Loss 0.468
Train Loss 0.434
Train Loss 0.424
Train Loss 0.455
Epoch  75 | Time    84 | Train Loss 0.4520 | Test Loss 0.000 | Test Error 13.80
Train Loss 0.055
Train Loss 0.452
Train Loss 0.445
Train Loss 0.488
Train Loss 0.427
Train Loss 0.436
Train Loss 0.441
Train Loss 0.438
Epoch  76 | Time    84 | Train Loss 0.4452 | Test Loss 0.000 | Test Error 13.43
Train Loss 0.038
Train Loss 0.411
Train Loss 0.479
Train Loss 0.460
Train Loss 0.428
Train Loss 0.455
Train Loss 0.463
Train Loss 0.423
Epoch  77 | Time    84 | Train Loss 0.4283 | Test Loss 0.000 | Test Error 13.56
Train Loss 0.045
Train Loss 0.436
Train Loss 0.434
Train Loss 0.440
Train Loss 0.424
Train Loss 0.442
Train Loss 0.441
Train Loss 0.428
Epoch  78 | Time    83 | Train Loss 0.4037 | Test Loss 0.000 | Test Error 13.72
Train Loss 0.029
Train Loss 0.425
Train Loss 0.403
Train Loss 0.409
Train Loss 0.451
Train Loss 0.426
Train Loss 0.437
Train Loss 0.452
Epoch  79 | Time    84 | Train Loss 0.4272 | Test Loss 0.000 | Test Error 13.61
Train Loss 0.054
Train Loss 0.427
Train Loss 0.417
Train Loss 0.433
Train Loss 0.432
Train Loss 0.416
Train Loss 0.384
Train Loss 0.451
Epoch  80 | Time    83 | Train Loss 0.4200 | Test Loss 0.000 | Test Error 13.60
Train Loss 0.048
Train Loss 0.395
Train Loss 0.393
Train Loss 0.401
Train Loss 0.422
Train Loss 0.411
Train Loss 0.413
Train Loss 0.417
Epoch  81 | Time    84 | Train Loss 0.4234 | Test Loss 0.000 | Test Error 13.54
Train Loss 0.058
Train Loss 0.406
Train Loss 0.402
Train Loss 0.397
Train Loss 0.417
Train Loss 0.404
Train Loss 0.426
Train Loss 0.422
Epoch  82 | Time    84 | Train Loss 0.4086 | Test Loss 0.000 | Test Error 13.35
Train Loss 0.044
Train Loss 0.417
Train Loss 0.421
Train Loss 0.402
Train Loss 0.414
Train Loss 0.414
Train Loss 0.407
Train Loss 0.422
Epoch  83 | Time    83 | Train Loss 0.3860 | Test Loss 0.000 | Test Error 13.62
Train Loss 0.032
Train Loss 0.399
Train Loss 0.401
Train Loss 0.390
Train Loss 0.404
Train Loss 0.425
Train Loss 0.392
Train Loss 0.378
Epoch  84 | Time    84 | Train Loss 0.4033 | Test Loss 0.000 | Test Error 13.59
Train Loss 0.029
Train Loss 0.398
Train Loss 0.392
Train Loss 0.391
Train Loss 0.418
Train Loss 0.373
Train Loss 0.413
Train Loss 0.391
Epoch  85 | Time    84 | Train Loss 0.4167 | Test Loss 0.000 | Test Error 13.32
Train Loss 0.034
Train Loss 0.388
Train Loss 0.366
Train Loss 0.422
Train Loss 0.400
Train Loss 0.403
Train Loss 0.411
Train Loss 0.398
Epoch  86 | Time    83 | Train Loss 0.4251 | Test Loss 0.000 | Test Error 13.49
Train Loss 0.028
Train Loss 0.367
Train Loss 0.382
Train Loss 0.374
Train Loss 0.398
Train Loss 0.397
Train Loss 0.375
Train Loss 0.395
Epoch  87 | Time    84 | Train Loss 0.3930 | Test Loss 0.000 | Test Error 13.35
Train Loss 0.033
Train Loss 0.402
Train Loss 0.412
Train Loss 0.376
Train Loss 0.403
Train Loss 0.355
Train Loss 0.394
Train Loss 0.409
Epoch  88 | Time    84 | Train Loss 0.3897 | Test Loss 0.000 | Test Error 13.31
Train Loss 0.054
Train Loss 0.361
Train Loss 0.379
Train Loss 0.370
Train Loss 0.364
Train Loss 0.371
Train Loss 0.362
Train Loss 0.405
Epoch  89 | Time    84 | Train Loss 0.3971 | Test Loss 0.000 | Test Error 13.06
Train Loss 0.032
Train Loss 0.401
Train Loss 0.374
Train Loss 0.397
Train Loss 0.391
Train Loss 0.358
Train Loss 0.370
Train Loss 0.373
Epoch  90 | Time    84 | Train Loss 0.3812 | Test Loss 0.000 | Test Error 13.28
Train Loss 0.025
Train Loss 0.347
Train Loss 0.374
Train Loss 0.378
Train Loss 0.381
Train Loss 0.371
Train Loss 0.383
Train Loss 0.379
Epoch  91 | Time    84 | Train Loss 0.3674 | Test Loss 0.000 | Test Error 13.24
Train Loss 0.033
Train Loss 0.405
Train Loss 0.361
Train Loss 0.363
Train Loss 0.395
Train Loss 0.371
Train Loss 0.385
Train Loss 0.362
Epoch  92 | Time    84 | Train Loss 0.3383 | Test Loss 0.000 | Test Error 13.14
Train Loss 0.037
Train Loss 0.364
Train Loss 0.356
Train Loss 0.360
Train Loss 0.359
Train Loss 0.347
Train Loss 0.376
Train Loss 0.356
Epoch  93 | Time    84 | Train Loss 0.3670 | Test Loss 0.000 | Test Error 13.16
Train Loss 0.030
Train Loss 0.353
Train Loss 0.365
Train Loss 0.338
Train Loss 0.366
Train Loss 0.336
Train Loss 0.388
Train Loss 0.350
Epoch  94 | Time    84 | Train Loss 0.3493 | Test Loss 0.000 | Test Error 13.06
Train Loss 0.029
Train Loss 0.391
Train Loss 0.363
Train Loss 0.345
Train Loss 0.370
Train Loss 0.358
Train Loss 0.349
Train Loss 0.350
Epoch  95 | Time    84 | Train Loss 0.3674 | Test Loss 0.000 | Test Error 12.92
Train Loss 0.046
Train Loss 0.357
Train Loss 0.344
Train Loss 0.382
Train Loss 0.345
Train Loss 0.356
Train Loss 0.353
Train Loss 0.345
Epoch  96 | Time    84 | Train Loss 0.3764 | Test Loss 0.000 | Test Error 13.10
Train Loss 0.032
Train Loss 0.362
Train Loss 0.343
Train Loss 0.375
Train Loss 0.388
Train Loss 0.335
Train Loss 0.373
Train Loss 0.394
Epoch  97 | Time    84 | Train Loss 0.3446 | Test Loss 0.000 | Test Error 13.09
Train Loss 0.034
Train Loss 0.358
Train Loss 0.365
Train Loss 0.344
Train Loss 0.356
Train Loss 0.391
Train Loss 0.355
Train Loss 0.371
Epoch  98 | Time    84 | Train Loss 0.3218 | Test Loss 0.000 | Test Error 13.02
Train Loss 0.041
Train Loss 0.324
Train Loss 0.360
Train Loss 0.365
Train Loss 0.362
Train Loss 0.337
Train Loss 0.398
Train Loss 0.352
Epoch  99 | Time    84 | Train Loss 0.3757 | Test Loss 0.000 | Test Error 13.03
Train Loss 0.030
Train Loss 0.368
Train Loss 0.351
Train Loss 0.378
Train Loss 0.342
Train Loss 0.352
Train Loss 0.386
Train Loss 0.378
Epoch 100 | Time    84 | Train Loss 0.3414 | Test Loss 0.000 | Test Error 13.09
gaussian_noise
	Test Loss 0.001 | Test Error 19.930
shot_noise
	Test Loss 0.001 | Test Error 17.486
impulse_noise
	Test Loss 0.001 | Test Error 25.066
defocus_blur
	Test Loss 0.000 | Test Error 14.582
glass_blur
	Test Loss 0.001 | Test Error 22.236
motion_blur
	Test Loss 0.001 | Test Error 17.014
zoom_blur
	Test Loss 0.000 | Test Error 15.824
snow
	Test Loss 0.001 | Test Error 19.354
frost
	Test Loss 0.001 | Test Error 19.196
fog
	Test Loss 0.001 | Test Error 21.212
brightness
	Test Loss 0.000 | Test Error 15.162
contrast
	Test Loss 0.001 | Test Error 26.232
elastic_transform
	Test Loss 0.001 | Test Error 17.370
pixelate
	Test Loss 0.000 | Test Error 14.964
jpeg_compression
	Test Loss 0.000 | Test Error 16.302
Mean Corruption Error: 18.795
